#
# A fatal error has been detected by the Java Runtime Environment:
#
#  SIGSEGV (0xb) at pc=0x00007fc8e82f0e42, pid=24038, tid=0x00007fc8ca3a1700
#
# JRE version: OpenJDK Runtime Environment (8.0_222-b10) (build 1.8.0_222-b10)
# Java VM: OpenJDK 64-Bit Server VM (25.222-b10 mixed mode linux-amd64 compressed oops)
# Problematic frame:
# V  [libjvm.so+0x925e42]  NodeHash::hash_find(Node const*)+0xb2
#
# Core dump written. Default location: /home/ppatiern/github/strimzi-kafka-operator/documentation/book/core or core.24038
#
# If you would like to submit a bug report, please visit:
#   http://bugreport.java.com/bugreport/crash.jsp
#

---------------  T H R E A D  ---------------

Current thread (0x00007fc8e011a000):  JavaThread "C2 CompilerThread0" daemon [_thread_in_native, id=24055, stack(0x00007fc8ca2a2000,0x00007fc8ca3a2000)]

siginfo: si_signo: 11 (SIGSEGV), si_code: 1 (SEGV_MAPERR), si_addr: 0x00007fe87003f600

Registers:
RAX=0x00007fc8640a7980, RBX=0x00000000000005b5, RCX=0x00000000000005b5, RDX=0x00007fc8640a79d0
RSP=0x00007fc8ca39cd10, RBP=0x00007fc8ca39cd60, RSI=0x00007fc8640a79d0, RDI=0x00007fc8640a79b0
R8 =0x00007fc8640a7980, R9 =0x00007fe87003f600, R10=0x00007fc86406d110, R11=0x00000000000002dd
R12=0x00007fc87003f5d0, R13=0x00000000000005b5, R14=0x00007fc8ca39e6d8, R15=0x0000000000000004
RIP=0x00007fc8e82f0e42, EFLAGS=0x0000000000010202, CSGSFS=0x002b000000000033, ERR=0x0000000000000004
  TRAPNO=0x000000000000000e

Top of Stack: (sp=0x00007fc8ca39cd10)
0x00007fc8ca39cd10:   00007fc8e01ca6e0 00007fc8640a7980
0x00007fc8ca39cd20:   00000015ca39cd60 0000000000000018
0x00007fc8ca39cd30:   00007fc8ca39cd60 00007fc8640a78c8
0x00007fc8ca39cd40:   00007fc8640a7980 00007fc870042700
0x00007fc8ca39cd50:   00007fc8e01ca740 00007fc8ca39e7a0
0x00007fc8ca39cd60:   00007fc8ca39cdf0 00007fc8e81a82b2
0x00007fc8ca39cd70:   00007fc8ca39cdf0 00007fc8e81a9b5f
0x00007fc8ca39cd80:   00007fc8640a7980 00000ac500000000
0x00007fc8ca39cd90:   00007fc800000001 0000000000000001
0x00007fc8ca39cda0:   0000000000000010 00007fc8640a7980
0x00007fc8ca39cdb0:   00007fc800000002 00007fc87003fa60
0x00007fc8ca39cdc0:   00007fc8ca39ce30 00007fc870042700
0x00007fc8ca39cdd0:   00007fc87003fa60 00007fc8ca39e7a0
0x00007fc8ca39cde0:   0000000000000000 00007fc8ca39cf10
0x00007fc8ca39cdf0:   00007fc8ca39ce30 00007fc8e81ab11b
0x00007fc8ca39ce00:   00007fc8ca39ce30 0000000000000024
0x00007fc8ca39ce10:   0000000000000003 00007fc8ca39e7a0
0x00007fc8ca39ce20:   00007fc8ca39cef0 00007fc870042498
0x00007fc8ca39ce30:   00007fc8ca39ce80 00007fc8e81abdf7
0x00007fc8ca39ce40:   00007fc800000000 00007fc86406a8b0
0x00007fc8ca39ce50:   00007fc8ca39cf30 00007fc8e011a980
0x00007fc8ca39ce60:   00007fc8ca39cf30 00007fc8ca39cef0
0x00007fc8ca39ce70:   00007fc8ca39cf10 00007fc8ca39e7a0
0x00007fc8ca39ce80:   00007fc8ca39d1a0 00007fc8e81a6600
0x00007fc8ca39ce90:   00007fc8740e24c0 0100000000000000
0x00007fc8ca39cea0:   0000000100000003 00007fc800000000
0x00007fc8ca39ceb0:   00007fc8ca39cef0 0000000000038310
0x00007fc8ca39cec0:   00007fc8e8733f18 00007fc864012028
0x00007fc8ca39ced0:   00007fc86400a090 00007fc86400a040
0x00007fc8ca39cee0:   00007fc8ca39cfa0 00007fc8ca39cf60
0x00007fc8ca39cef0:   00007fc8e872f498 00007fc8e011a980
0x00007fc8ca39cf00:   00007fc800000080 00007fc8740b2d10 

Instructions: (pc=0x00007fc8e82f0e42)
0x00007fc8e82f0e22:   49 8b 04 24 4c 89 e7 ff 10 3b 45 c4 75 d0 45 85
0x00007fc8e82f0e32:   ff 74 30 48 8b 45 b8 4d 8b 4c 24 08 48 8b 78 08
0x00007fc8e82f0e42:   49 8b 01 48 39 07 75 b6 31 c0 eb 11 66 90 48 8b
0x00007fc8e82f0e52:   74 07 08 48 83 c0 08 49 39 34 01 75 a1 48 3b 45 

Register to memory mapping:

RAX=0x00007fc8640a7980 is an unknown value
RBX=0x00000000000005b5 is an unknown value
RCX=0x00000000000005b5 is an unknown value
RDX=0x00007fc8640a79d0 is an unknown value
RSP=0x00007fc8ca39cd10 is pointing into the stack for thread: 0x00007fc8e011a000
RBP=0x00007fc8ca39cd60 is pointing into the stack for thread: 0x00007fc8e011a000
RSI=0x00007fc8640a79d0 is an unknown value
RDI=0x00007fc8640a79b0 is an unknown value
R8 =0x00007fc8640a7980 is an unknown value
R9 =0x00007fe87003f600 is an unknown value
R10=0x00007fc86406d110 is an unknown value
R11=0x00000000000002dd is an unknown value
R12=0x00007fc87003f5d0 is an unknown value
R13=0x00000000000005b5 is an unknown value
R14=0x00007fc8ca39e6d8 is pointing into the stack for thread: 0x00007fc8e011a000
R15=0x0000000000000004 is an unknown value


Stack: [0x00007fc8ca2a2000,0x00007fc8ca3a2000],  sp=0x00007fc8ca39cd10,  free space=1003k
Native frames: (J=compiled Java code, j=interpreted, Vv=VM code, C=native code)
V  [libjvm.so+0x925e42]  NodeHash::hash_find(Node const*)+0xb2
V  [libjvm.so+0x7dd2b2]  PhaseIdealLoop::split_thru_phi(Node*, Node*, int)+0x962
V  [libjvm.so+0x7e011b]  PhaseIdealLoop::split_if_with_blocks_pre(Node*)+0x1eb
V  [libjvm.so+0x7e0df7]  PhaseIdealLoop::split_if_with_blocks(VectorSet&, Node_Stack&)+0xa7
V  [libjvm.so+0x7db600]  PhaseIdealLoop::build_and_optimize(bool, bool)+0xd50
V  [libjvm.so+0x483ad0]  Compile::Optimize()+0x300
V  [libjvm.so+0x486cc1]  Compile::Compile(ciEnv*, C2Compiler*, ciMethod*, int, bool, bool, bool)+0xe61
V  [libjvm.so+0x3ddbfe]  C2Compiler::compile_method(ciEnv*, ciMethod*, int)+0xbe
V  [libjvm.so+0x48ecae]  CompileBroker::invoke_compiler_on_method(CompileTask*)+0x84e
V  [libjvm.so+0x490938]  CompileBroker::compiler_thread_loop()+0x4f8
V  [libjvm.so+0xa9bda4]  JavaThread::thread_main_inner()+0x214
V  [libjvm.so+0xa9c188]  JavaThread::run()+0x3a8
V  [libjvm.so+0x8d8e52]  java_start(Thread*)+0x162
C  [libpthread.so.0+0x858e]  start_thread+0xfe


Current CompileTask:
C2:    156  202       4       sun.misc.ProxyGenerator$ConstantPool::getValue (91 bytes)


---------------  P R O C E S S  ---------------

Java Threads: ( => current thread )
  0x00007fc8e0140800 JavaThread "Service Thread" daemon [_thread_blocked, id=24059, stack(0x00007fc8c9e9d000,0x00007fc8c9f9e000)]
  0x00007fc8e012d800 JavaThread "C1 CompilerThread3" daemon [_thread_in_vm, id=24058, stack(0x00007fc8c9f9f000,0x00007fc8ca09f000)]
  0x00007fc8e012b000 JavaThread "C2 CompilerThread2" daemon [_thread_in_native, id=24057, stack(0x00007fc8ca0a0000,0x00007fc8ca1a0000)]
  0x00007fc8e0129800 JavaThread "C2 CompilerThread1" daemon [_thread_in_native, id=24056, stack(0x00007fc8ca1a1000,0x00007fc8ca2a1000)]
=>0x00007fc8e011a000 JavaThread "C2 CompilerThread0" daemon [_thread_in_native, id=24055, stack(0x00007fc8ca2a2000,0x00007fc8ca3a2000)]
  0x00007fc8e0118000 JavaThread "Signal Dispatcher" daemon [_thread_blocked, id=24054, stack(0x00007fc8ca3a2000,0x00007fc8ca4a3000)]
  0x00007fc8e00ec800 JavaThread "Finalizer" daemon [_thread_blocked, id=24053, stack(0x00007fc8ca4a3000,0x00007fc8ca5a4000)]
  0x00007fc8e00e8000 JavaThread "Reference Handler" daemon [_thread_blocked, id=24052, stack(0x00007fc8ca5a4000,0x00007fc8ca6a5000)]
  0x00007fc8e004c800 JavaThread "main" [_thread_in_vm, id=24042, stack(0x00007fc8e7594000,0x00007fc8e7694000)]

Other Threads:
  0x00007fc8e00de000 VMThread [stack: 0x00007fc8ca6a6000,0x00007fc8ca7a6000] [id=24051]
  0x00007fc8e0155000 WatcherThread [stack: 0x00007fc8c9d9d000,0x00007fc8c9e9d000] [id=24060]

VM state:not at safepoint (normal execution)

VM Mutex/Monitor currently owned by a thread: None

heap address: 0x00000005cf200000, size: 7950 MB, Compressed Oops mode: Zero based, Oop shift amount: 3
Narrow klass base: 0x0000000000000000, Narrow klass shift: 3
Compressed class space size: 1073741824 Address: 0x00000007c0000000

Heap:
 PSYoungGen      total 148992K, used 10240K [0x000000071a600000, 0x0000000724c00000, 0x00000007c0000000)
  eden space 128000K, 8% used [0x000000071a600000,0x000000071b000058,0x0000000722300000)
  from space 20992K, 0% used [0x0000000723780000,0x0000000723780000,0x0000000724c00000)
  to   space 20992K, 0% used [0x0000000722300000,0x0000000722300000,0x0000000723780000)
 ParOldGen       total 339968K, used 0K [0x00000005cf200000, 0x00000005e3e00000, 0x000000071a600000)
  object space 339968K, 0% used [0x00000005cf200000,0x00000005cf200000,0x00000005e3e00000)
 Metaspace       used 3964K, capacity 4940K, committed 5120K, reserved 1056768K
  class space    used 398K, capacity 456K, committed 512K, reserved 1048576K

Card table byte_map: [0x00007fc8e61bc000,0x00007fc8e7144000] byte_map_base: 0x00007fc8e3343000

Marking Bits: (ParMarkBitMap*) 0x00007fc8e876df80
 Begin Bits: [0x00007fc894790000, 0x00007fc89c3c8000)
 End Bits:   [0x00007fc89c3c8000, 0x00007fc8a4000000)

Polling page: 0x00007fc8e89fa000

CodeCache: size=245760Kb used=1558Kb max_used=1563Kb free=244201Kb
 bounds [0x00007fc8d1000000, 0x00007fc8d1270000, 0x00007fc8e0000000]
 total_blobs=471 nmethods=231 adapters=155
 compilation: enabled

Compilation events (250 events):
Event: 0.091 Thread 0x00007fc8e012d800 nmethod 85 0x00007fc8d1139150 code [0x00007fc8d11392e0, 0x00007fc8d1139698]
Event: 0.091 Thread 0x00007fc8e012d800   83       3       java.io.DataOutputStream::writeByte (14 bytes)
Event: 0.091 Thread 0x00007fc8e012d800 nmethod 83 0x00007fc8d11397d0 code [0x00007fc8d1139940, 0x00007fc8d1139c08]
Event: 0.091 Thread 0x00007fc8e012d800   80       3       sun.misc.ProxyGenerator$ConstantPool$IndirectEntry::hashCode (15 bytes)
Event: 0.092 Thread 0x00007fc8e012d800 nmethod 80 0x00007fc8d1139d10 code [0x00007fc8d1139e60, 0x00007fc8d1139fd0]
Event: 0.092 Thread 0x00007fc8e012d800   78       3       sun.misc.ProxyGenerator$ConstantPool$Entry::<init> (5 bytes)
Event: 0.092 Thread 0x00007fc8e012d800 nmethod 78 0x00007fc8d113a050 code [0x00007fc8d113a1c0, 0x00007fc8d113a3d0]
Event: 0.092 Thread 0x00007fc8e012d800   79       3       sun.misc.ProxyGenerator$ConstantPool$Entry::<init> (5 bytes)
Event: 0.092 Thread 0x00007fc8e012d800 nmethod 79 0x00007fc8d113a4d0 code [0x00007fc8d113a640, 0x00007fc8d113a7f0]
Event: 0.092 Thread 0x00007fc8e012d800   84  s    3       java.io.DataOutputStream::write (14 bytes)
Event: 0.092 Thread 0x00007fc8e012d800 nmethod 84 0x00007fc8d113a890 code [0x00007fc8d113aa20, 0x00007fc8d113ae48]
Event: 0.092 Thread 0x00007fc8e012d800   82       3       sun.misc.ProxyGenerator$ConstantPool$IndirectEntry::equals (49 bytes)
Event: 0.092 Thread 0x00007fc8e012d800 nmethod 82 0x00007fc8d113b310 code [0x00007fc8d113b480, 0x00007fc8d113b8d0]
Event: 0.092 Thread 0x00007fc8e012d800   81       3       java.util.ArrayList::add (29 bytes)
Event: 0.093 Thread 0x00007fc8e012d800 nmethod 81 0x00007fc8d113b990 code [0x00007fc8d113bb40, 0x00007fc8d113c0c8]
Event: 0.093 Thread 0x00007fc8e012d800   87       3       java.lang.ref.SoftReference::get (29 bytes)
Event: 0.093 Thread 0x00007fc8e012d800 nmethod 87 0x00007fc8d113c350 code [0x00007fc8d113c4c0, 0x00007fc8d113c6b0]
Event: 0.093 Thread 0x00007fc8e012d800   88       3       java.lang.Class::reflectionData (49 bytes)
Event: 0.093 Thread 0x00007fc8e012d800 nmethod 88 0x00007fc8d113c710 code [0x00007fc8d113c8a0, 0x00007fc8d113cda8]
Event: 0.093 Thread 0x00007fc8e012d800   89       3       java.lang.StringBuilder::toString (17 bytes)
Event: 0.093 Thread 0x00007fc8e012d800 nmethod 89 0x00007fc8d113cf10 code [0x00007fc8d113d080, 0x00007fc8d113d288]
Event: 0.093 Thread 0x00007fc8e012d800   90       3       java.lang.String::<init> (10 bytes)
Event: 0.093 Thread 0x00007fc8e012d800 nmethod 90 0x00007fc8d113d350 code [0x00007fc8d113d4c0, 0x00007fc8d113d690]
Event: 0.094 Thread 0x00007fc8e012d800   95       3       java.util.HashMap::afterNodeInsertion (1 bytes)
Event: 0.094 Thread 0x00007fc8e012d800 nmethod 95 0x00007fc8d113d750 code [0x00007fc8d113d8a0, 0x00007fc8d113d9f0]
Event: 0.094 Thread 0x00007fc8e012d800   91       3       sun.reflect.generics.parser.SignatureParser::advance (37 bytes)
Event: 0.094 Thread 0x00007fc8e012d800 nmethod 91 0x00007fc8d113da50 code [0x00007fc8d113dbc0, 0x00007fc8d113dd30]
Event: 0.094 Thread 0x00007fc8e012d800   96       3       java.util.ArrayList$Itr::hasNext (20 bytes)
Event: 0.095 Thread 0x00007fc8e012d800 nmethod 96 0x00007fc8d113dd90 code [0x00007fc8d113df00, 0x00007fc8d113e0d0]
Event: 0.095 Thread 0x00007fc8e012d800   97       3       java.util.ArrayList$Itr::next (66 bytes)
Event: 0.095 Thread 0x00007fc8e012d800 nmethod 97 0x00007fc8d113e190 code [0x00007fc8d113e340, 0x00007fc8d113e7e8]
Event: 0.095 Thread 0x00007fc8e012d800   98       3       java.util.ArrayList$Itr::checkForComodification (23 bytes)
Event: 0.095 Thread 0x00007fc8e012d800 nmethod 98 0x00007fc8d113ea50 code [0x00007fc8d113ebc0, 0x00007fc8d113ede8]
Event: 0.095 Thread 0x00007fc8e012d800   92       3       java.lang.Character::isWhitespace (5 bytes)
Event: 0.095 Thread 0x00007fc8e012d800 nmethod 92 0x00007fc8d113eed0 code [0x00007fc8d113f060, 0x00007fc8d113f2f8]
Event: 0.095 Thread 0x00007fc8e012d800   93       3       java.lang.Character::isWhitespace (9 bytes)
Event: 0.095 Thread 0x00007fc8e012d800 nmethod 93 0x00007fc8d113f410 code [0x00007fc8d113f580, 0x00007fc8d113f7b8]
Event: 0.095 Thread 0x00007fc8e012d800   94       3       java.lang.CharacterDataLatin1::isWhitespace (23 bytes)
Event: 0.095 Thread 0x00007fc8e012d800 nmethod 94 0x00007fc8d113f890 code [0x00007fc8d113fa00, 0x00007fc8d113fc50]
Event: 0.095 Thread 0x00007fc8e012d800   99       3       java.lang.ClassLoader::checkName (43 bytes)
Event: 0.096 Thread 0x00007fc8e012d800 nmethod 99 0x00007fc8d113fd90 code [0x00007fc8d113ff40, 0x00007fc8d11406b8]
Event: 0.096 Thread 0x00007fc8e012d800  100       3       sun.misc.VM::allowArraySyntax (4 bytes)
Event: 0.096 Thread 0x00007fc8e012d800 nmethod 100 0x00007fc8d1140950 code [0x00007fc8d1140aa0, 0x00007fc8d1140bf0]
Event: 0.096 Thread 0x00007fc8e012d800  102       3       java.lang.reflect.Method::getParameterTypes (11 bytes)
Event: 0.097 Thread 0x00007fc8e012d800 nmethod 102 0x00007fc8d1141350 code [0x00007fc8d11414c0, 0x00007fc8d11417c8]
Event: 0.097 Thread 0x00007fc8e012d800  104       3       java.lang.Class::getInterfaces (41 bytes)
Event: 0.097 Thread 0x00007fc8e012d800 nmethod 104 0x00007fc8d1141890 code [0x00007fc8d1141a40, 0x00007fc8d1141e98]
Event: 0.098 Thread 0x00007fc8e012d800  105       3       java.lang.Class::checkInitted (19 bytes)
Event: 0.098 Thread 0x00007fc8e012d800 nmethod 105 0x00007fc8d1142010 code [0x00007fc8d11421a0, 0x00007fc8d1142468]
Event: 0.098 Thread 0x00007fc8e012d800  106       3       java.lang.Class::getName (21 bytes)
Event: 0.098 Thread 0x00007fc8e012d800 nmethod 106 0x00007fc8d1142550 code [0x00007fc8d11426c0, 0x00007fc8d11428c8]
Event: 0.098 Thread 0x00007fc8e012d800  108       3       sun.misc.ProxyGenerator$ConstantPool$IndirectEntry::<init> (21 bytes)
Event: 0.098 Thread 0x00007fc8e012d800 nmethod 108 0x00007fc8d1142950 code [0x00007fc8d1142ac0, 0x00007fc8d1142d30]
Event: 0.098 Thread 0x00007fc8e012d800  111       3       sun.misc.ProxyGenerator$ConstantPool::addEntry (46 bytes)
Event: 0.098 Thread 0x00007fc8e012d800 nmethod 111 0x00007fc8d1142e50 code [0x00007fc8d1143000, 0x00007fc8d11434b8]
Event: 0.098 Thread 0x00007fc8e012d800  114       3       java.io.DataOutputStream::writeUTF (435 bytes)
Event: 0.101 Thread 0x00007fc8e012d800 nmethod 114 0x00007fc8d1143650 code [0x00007fc8d1143980, 0x00007fc8d1145868]
Event: 0.101 Thread 0x00007fc8e012d800  113  s    3       java.io.DataOutputStream::write (16 bytes)
Event: 0.101 Thread 0x00007fc8e012d800 nmethod 113 0x00007fc8d1146850 code [0x00007fc8d11469e0, 0x00007fc8d1146e28]
Event: 0.101 Thread 0x00007fc8e012d800  110       3       sun.misc.ProxyGenerator$ConstantPool$IndirectEntry::<init> (21 bytes)
Event: 0.101 Thread 0x00007fc8e012d800 nmethod 110 0x00007fc8d1146f90 code [0x00007fc8d1147100, 0x00007fc8d1147370]
Event: 0.101 Thread 0x00007fc8e012d800  112       3       sun.misc.ProxyGenerator$ConstantPool::getClass (21 bytes)
Event: 0.101 Thread 0x00007fc8e012d800 nmethod 112 0x00007fc8d11474d0 code [0x00007fc8d11476a0, 0x00007fc8d1147ba8]
Event: 0.101 Thread 0x00007fc8e012d800  109  s    1       java.io.ByteArrayOutputStream::size (5 bytes)
Event: 0.102 Thread 0x00007fc8e011a000  115       4       java.lang.String::hashCode (55 bytes)
Event: 0.105 Thread 0x00007fc8e0129800  122       4       java.lang.CharacterData::of (120 bytes)
Event: 0.105 Thread 0x00007fc8e011a000 nmethod 115 0x00007fc8d114af90 code [0x00007fc8d114b0e0, 0x00007fc8d114b258]
Event: 0.105 Thread 0x00007fc8e012d800 nmethod 109 0x00007fc8d114ab50 code [0x00007fc8d114aca0, 0x00007fc8d114af10]
Event: 0.105 Thread 0x00007fc8e012d800  120       3       java.lang.Class::searchMethods (90 bytes)
Event: 0.105 Thread 0x00007fc8e0129800 nmethod 122 0x00007fc8d1149410 code [0x00007fc8d1149560, 0x00007fc8d11495d8]
Event: 0.106 Thread 0x00007fc8e012d800 nmethod 120 0x00007fc8d114ca90 code [0x00007fc8d114cce0, 0x00007fc8d114dc78]
Event: 0.106 Thread 0x00007fc8e012d800  117       3       java.lang.Class::checkMemberAccess (49 bytes)
Event: 0.107 Thread 0x00007fc8e012d800 nmethod 117 0x00007fc8d1148a10 code [0x00007fc8d1148bc0, 0x00007fc8d11491b8]
Event: 0.107 Thread 0x00007fc8e012d800  118       3       java.lang.Class::privateGetDeclaredMethods (67 bytes)
Event: 0.107 Thread 0x00007fc8e012d800 nmethod 118 0x00007fc8d1149c90 code [0x00007fc8d1149ea0, 0x00007fc8d114a7c8]
Event: 0.107 Thread 0x00007fc8e012d800  124       3       java.lang.String::substring (79 bytes)
Event: 0.108 Thread 0x00007fc8e012d800 nmethod 124 0x00007fc8d114c1d0 code [0x00007fc8d114c3a0, 0x00007fc8d114c858]
Event: 0.108 Thread 0x00007fc8e012d800  125       3       java.lang.Class$MethodArray::matchesNameAndDescriptor (42 bytes)
Event: 0.108 Thread 0x00007fc8e012d800 nmethod 125 0x00007fc8d114b310 code [0x00007fc8d114b4e0, 0x00007fc8d114bf28]
Event: 0.108 Thread 0x00007fc8e012d800  107       1       java.lang.Class::getClassLoader0 (5 bytes)
Event: 0.108 Thread 0x00007fc8e012d800 nmethod 107 0x00007fc8d11499d0 code [0x00007fc8d1149b20, 0x00007fc8d1149c30]
Event: 0.108 Thread 0x00007fc8e012d800  123       1       java.security.ProtectionDomain::getCodeSource (5 bytes)
Event: 0.108 Thread 0x00007fc8e012d800 nmethod 123 0x00007fc8d1149650 code [0x00007fc8d11497a0, 0x00007fc8d11498b0]
Event: 0.108 Thread 0x00007fc8e012d800  121       1       java.net.URL::getPort (5 bytes)
Event: 0.108 Thread 0x00007fc8e012d800 nmethod 121 0x00007fc8d1148750 code [0x00007fc8d11488a0, 0x00007fc8d11489b0]
Event: 0.109 Thread 0x00007fc8e012d800  119       3       java.lang.Class$MethodArray::<init> (38 bytes)
Event: 0.109 Thread 0x00007fc8e012d800 nmethod 119 0x00007fc8d114e350 code [0x00007fc8d114e4e0, 0x00007fc8d114e848]
Event: 0.109 Thread 0x00007fc8e012d800  128  s    3       java.io.ByteArrayOutputStream::write (66 bytes)
Event: 0.109 Thread 0x00007fc8e012b000  127       4       sun.misc.ProxyGenerator$ConstantPool$IndirectEntry::hashCode (15 bytes)
Event: 0.110 Thread 0x00007fc8e012b000 nmethod 127 0x00007fc8d11515d0 code [0x00007fc8d1151720, 0x00007fc8d1151798]
Event: 0.110 Thread 0x00007fc8e011a000  126  s    4       java.io.ByteArrayOutputStream::write (32 bytes)
Event: 0.112 Thread 0x00007fc8e011a000 nmethod 126 0x00007fc8d114fa50 code [0x00007fc8d114fbc0, 0x00007fc8d114ff68]
Event: 0.113 Thread 0x00007fc8e012d800 nmethod 128 0x00007fc8d114f050 code [0x00007fc8d114f200, 0x00007fc8d114f828]
Event: 0.113 Thread 0x00007fc8e012d800  132       3       java.lang.String::lastIndexOf (13 bytes)
Event: 0.113 Thread 0x00007fc8e012d800 nmethod 132 0x00007fc8d114ec10 code [0x00007fc8d114ed80, 0x00007fc8d114efa8]
Event: 0.113 Thread 0x00007fc8e012d800  133   !   3       sun.misc.URLClassPath$JarLoader::getResource (85 bytes)
Event: 0.114 Thread 0x00007fc8e012d800 nmethod 133 0x00007fc8d1151cd0 code [0x00007fc8d1151f40, 0x00007fc8d1152b68]
Event: 0.114 Thread 0x00007fc8e012d800  131       3       java.lang.reflect.AccessibleObject::<init> (5 bytes)
Event: 0.114 Thread 0x00007fc8e012d800 nmethod 131 0x00007fc8d1151910 code [0x00007fc8d1151a80, 0x00007fc8d1151c30]
Event: 0.114 Thread 0x00007fc8e012d800  130       3       java.lang.Class::getMethod (64 bytes)
Event: 0.115 Thread 0x00007fc8e012d800 nmethod 130 0x00007fc8d11500d0 code [0x00007fc8d1150320, 0x00007fc8d1150fc8]
Event: 0.117 Thread 0x00007fc8e011a000  135       4       java.lang.String::indexOf (70 bytes)
Event: 0.117 Thread 0x00007fc8e012d800  137       3       java.util.BitSet::get (69 bytes)
Event: 0.117 Thread 0x00007fc8e012d800 nmethod 137 0x00007fc8d1153990 code [0x00007fc8d1153ba0, 0x00007fc8d1154528]
Event: 0.117 Thread 0x00007fc8e012d800  138       3       java.util.concurrent.ConcurrentHashMap::putIfAbsent (8 bytes)
Event: 0.118 Thread 0x00007fc8e012d800 nmethod 138 0x00007fc8d1154d50 code [0x00007fc8d1154ec0, 0x00007fc8d11550c8]
Event: 0.118 Thread 0x00007fc8e012d800  141       3       java.util.concurrent.ConcurrentHashMap::setTabAt (19 bytes)
Event: 0.118 Thread 0x00007fc8e012d800 nmethod 141 0x00007fc8d1155510 code [0x00007fc8d1155660, 0x00007fc8d11557d0]
Event: 0.118 Thread 0x00007fc8e012d800  144       3       java.util.concurrent.ConcurrentHashMap::casTabAt (20 bytes)
Event: 0.118 Thread 0x00007fc8e012d800 nmethod 144 0x00007fc8d1155850 code [0x00007fc8d11559a0, 0x00007fc8d1155b30]
Event: 0.118 Thread 0x00007fc8e012d800  139       1       java.util.zip.ZipFile::access$000 (5 bytes)
Event: 0.118 Thread 0x00007fc8e012d800 nmethod 139 0x00007fc8d114e950 code [0x00007fc8d114eaa0, 0x00007fc8d114eb90]
Event: 0.118 Thread 0x00007fc8e012d800  140       1       sun.misc.URLClassPath$Loader::getBaseURL (5 bytes)
Event: 0.118 Thread 0x00007fc8e012d800 nmethod 140 0x00007fc8d1155bd0 code [0x00007fc8d1155d20, 0x00007fc8d1155e30]
Event: 0.118 Thread 0x00007fc8e011a000 nmethod 135 0x00007fc8d1158c50 code [0x00007fc8d1158da0, 0x00007fc8d1158f58]
Event: 0.119 Thread 0x00007fc8e012d800  145       3       sun.misc.ProxyGenerator$ConstantPool::getNameAndType (30 bytes)
Event: 0.119 Thread 0x00007fc8e012d800 nmethod 145 0x00007fc8d1157bd0 code [0x00007fc8d1157dc0, 0x00007fc8d11584a8]
Event: 0.119 Thread 0x00007fc8e012d800  150       3       java.lang.Class::privateGetMethodRecursive (130 bytes)
Event: 0.120 Thread 0x00007fc8e012d800 nmethod 150 0x00007fc8d1156d10 code [0x00007fc8d1156f20, 0x00007fc8d11577f8]
Event: 0.120 Thread 0x00007fc8e012d800  147       3       sun.misc.ProxyGenerator$ConstantPool$IndirectEntry::write (61 bytes)
Event: 0.120 Thread 0x00007fc8e012d800 nmethod 147 0x00007fc8d1159090 code [0x00007fc8d1159280, 0x00007fc8d1159da8]
Event: 0.120 Thread 0x00007fc8e012d800  148       3       sun.misc.ProxyGenerator$ConstantPool$ValueEntry::write (190 bytes)
Event: 0.121 Thread 0x00007fc8e011a000  153       4       java.util.HashMap::getNode (148 bytes)
Event: 0.121 Thread 0x00007fc8e0129800  154       4       java.util.HashMap::get (23 bytes)
Event: 0.122 Thread 0x00007fc8e012d800 nmethod 148 0x00007fc8d115a150 code [0x00007fc8d115a540, 0x00007fc8d115cf88]
Event: 0.122 Thread 0x00007fc8e012d800  149       3       java.io.DataOutputStream::writeUTF (7 bytes)
Event: 0.122 Thread 0x00007fc8e012d800 nmethod 149 0x00007fc8d1156990 code [0x00007fc8d1156b00, 0x00007fc8d1156c88]
Event: 0.122 Thread 0x00007fc8e012d800  152       3       java.nio.HeapByteBuffer::_get (7 bytes)
Event: 0.122 Thread 0x00007fc8e012d800 nmethod 152 0x00007fc8d1156590 code [0x00007fc8d1156700, 0x00007fc8d1156890]
Event: 0.122 Thread 0x00007fc8e012d800  155       3       sun.misc.ProxyGenerator::dotToSlash (9 bytes)
Event: 0.122 Thread 0x00007fc8e012d800 nmethod 155 0x00007fc8d1156150 code [0x00007fc8d11562c0, 0x00007fc8d11564c8]
Event: 0.122 Thread 0x00007fc8e012d800  151       3       java.lang.reflect.Method::<init> (68 bytes)
Event: 0.122 Thread 0x00007fc8e012d800 nmethod 151 0x00007fc8d115dc50 code [0x00007fc8d115ddc0, 0x00007fc8d115e130]
Event: 0.122 Thread 0x00007fc8e012d800  156       3       java.util.Arrays::copyOf (19 bytes)
Event: 0.123 Thread 0x00007fc8e012d800 nmethod 156 0x00007fc8d115e2d0 code [0x00007fc8d115e460, 0x00007fc8d115e788]
Event: 0.123 Thread 0x00007fc8e012d800  158       3       java.util.HashMap::resize (359 bytes)
Event: 0.123 Thread 0x00007fc8e012d800 nmethod 158 0x00007fc8d115e890 code [0x00007fc8d115eae0, 0x00007fc8d115fd28]
Event: 0.123 Thread 0x00007fc8e012d800  162       1       java.util.HashMap::afterNodeInsertion (1 bytes)
Event: 0.124 Thread 0x00007fc8e012d800 nmethod 162 0x00007fc8d1155e90 code [0x00007fc8d1155fe0, 0x00007fc8d11560f0]
Event: 0.124 Thread 0x00007fc8e012d800  159       3       java.util.AbstractCollection::<init> (5 bytes)
Event: 0.124 Thread 0x00007fc8e012d800 nmethod 159 0x00007fc8d1160810 code [0x00007fc8d1160980, 0x00007fc8d1160b30]
Event: 0.124 Thread 0x00007fc8e012d800  161       3       java.util.AbstractList::<init> (10 bytes)
Event: 0.124 Thread 0x00007fc8e012d800 nmethod 161 0x00007fc8d1160bd0 code [0x00007fc8d1160d40, 0x00007fc8d1160f50]
Event: 0.124 Thread 0x00007fc8e012d800  160       3       java.lang.reflect.Method::equals (69 bytes)
Event: 0.124 Thread 0x00007fc8e012b000  166       4       java.lang.String::replace (127 bytes)
Event: 0.124 Thread 0x00007fc8e0129800 nmethod 154 0x00007fc8d1163f10 code [0x00007fc8d1164080, 0x00007fc8d1164318]
Event: 0.124 Thread 0x00007fc8e012d800 nmethod 160 0x00007fc8d11632d0 code [0x00007fc8d1163480, 0x00007fc8d1163de8]
Event: 0.124 Thread 0x00007fc8e012d800  167       3       sun.misc.ProxyGenerator::access$900 (5 bytes)
Event: 0.124 Thread 0x00007fc8e012d800 nmethod 167 0x00007fc8d1161910 code [0x00007fc8d1161a80, 0x00007fc8d1161cc8]
Event: 0.124 Thread 0x00007fc8e012d800  157       1       sun.misc.ProxyGenerator::access$800 (5 bytes)
Event: 0.124 Thread 0x00007fc8e011a000 nmethod 153 0x00007fc8d1161350 code [0x00007fc8d11614c0, 0x00007fc8d1161718]
Event: 0.124 Thread 0x00007fc8e011a000  168       4       java.lang.String::equals (81 bytes)
Event: 0.124 Thread 0x00007fc8e012d800 nmethod 157 0x00007fc8d1161050 code [0x00007fc8d11611a0, 0x00007fc8d1161290]
Event: 0.124 Thread 0x00007fc8e012d800  165       3       sun.reflect.ReflectionFactory::copyMethod (10 bytes)
Event: 0.125 Thread 0x00007fc8e012d800 nmethod 165 0x00007fc8d1162bd0 code [0x00007fc8d1162d60, 0x00007fc8d1163128]
Event: 0.125 Thread 0x00007fc8e012d800  164       3       java.util.concurrent.ConcurrentHashMap::spread (10 bytes)
Event: 0.125 Thread 0x00007fc8e012d800 nmethod 164 0x00007fc8d11628d0 code [0x00007fc8d1162a20, 0x00007fc8d1162b70]
Event: 0.125 Thread 0x00007fc8e0129800  169       4       java.io.DataOutputStream::incCount (20 bytes)
Event: 0.126 Thread 0x00007fc8e0129800 nmethod 169 0x00007fc8d11647d0 code [0x00007fc8d1164920, 0x00007fc8d1164998]
Event: 0.126 Thread 0x00007fc8e012d800  170       3       java.util.ArrayList::iterator (9 bytes)
Event: 0.126 Thread 0x00007fc8e012d800 nmethod 170 0x00007fc8d11623d0 code [0x00007fc8d1162540, 0x00007fc8d11627d0]
Event: 0.126 Thread 0x00007fc8e012d800  171       3       java.util.ArrayList$Itr::<init> (26 bytes)
Event: 0.126 Thread 0x00007fc8e012d800 nmethod 171 0x00007fc8d1161f90 code [0x00007fc8d1162100, 0x00007fc8d11622f0]
Event: 0.126 Thread 0x00007fc8e012d800  172       3       sun.misc.ProxyGenerator$ConstantPool::getMethodRef (33 bytes)
Event: 0.127 Thread 0x00007fc8e012d800 nmethod 172 0x00007fc8d1165b50 code [0x00007fc8d1165de0, 0x00007fc8d1166b88]
Event: 0.127 Thread 0x00007fc8e012d800  174  s!   3       sun.misc.URLClassPath::getLoader (243 bytes)
Event: 0.128 Thread 0x00007fc8e0129800  176   !   4       sun.reflect.generics.parser.SignatureParser::current (40 bytes)
Event: 0.129 Thread 0x00007fc8e0129800 nmethod 176 0x00007fc8d1165890 code [0x00007fc8d11659e0, 0x00007fc8d1165a98]
Event: 0.129 Thread 0x00007fc8e012d800 nmethod 174 0x00007fc8d116b810 code [0x00007fc8d116bc40, 0x00007fc8d116e868]
Event: 0.129 Thread 0x00007fc8e012d800  175       3       sun.reflect.generics.parser.SignatureParser::parseIdentifier (115 bytes)
Event: 0.129 Thread 0x00007fc8e0129800  179       4       java.io.DataOutputStream::writeShort (35 bytes)
Event: 0.130 Thread 0x00007fc8e011a000 nmethod 168 0x00007fc8d1165390 code [0x00007fc8d11654e0, 0x00007fc8d1165758]
Event: 0.130 Thread 0x00007fc8e012d800 nmethod 175 0x00007fc8d1170390 code [0x00007fc8d1170600, 0x00007fc8d11714c8]
Event: 0.130 Thread 0x00007fc8e012d800  173       3       java.io.DataOutputStream::writeInt (65 bytes)
Event: 0.131 Thread 0x00007fc8e012d800 nmethod 173 0x00007fc8d1164a10 code [0x00007fc8d1164bc0, 0x00007fc8d1165118]
Event: 0.131 Thread 0x00007fc8e012d800  177       3       java.util.ArrayList::grow (45 bytes)
Event: 0.131 Thread 0x00007fc8e012d800 nmethod 177 0x00007fc8d116af50 code [0x00007fc8d116b100, 0x00007fc8d116b5f8]
Event: 0.131 Thread 0x00007fc8e012d800  180       3       java.nio.HeapByteBuffer::ix (7 bytes)
Event: 0.131 Thread 0x00007fc8e012d800 nmethod 180 0x00007fc8d116ac50 code [0x00007fc8d116ada0, 0x00007fc8d116aef0]
Event: 0.131 Thread 0x00007fc8e012d800  178       3       java.util.HashMap$HashIterator::hasNext (13 bytes)
Event: 0.131 Thread 0x00007fc8e012d800 nmethod 178 0x00007fc8d116a8d0 code [0x00007fc8d116aa40, 0x00007fc8d116abf0]
Event: 0.131 Thread 0x00007fc8e012d800  182       3       sun.misc.ProxyGenerator::codeLocalLoadStore (90 bytes)
Event: 0.132 Thread 0x00007fc8e012b000 nmethod 166 0x00007fc8d1171d10 code [0x00007fc8d1171e80, 0x00007fc8d1172418]
Event: 0.132 Thread 0x00007fc8e012b000  184       4       java.io.DataOutputStream::writeUTF (435 bytes)
Event: 0.132 Thread 0x00007fc8e012d800 nmethod 182 0x00007fc8d1168ed0 code [0x00007fc8d1169120, 0x00007fc8d116a248]
Event: 0.132 Thread 0x00007fc8e012d800  183       3       sun.misc.ProxyGenerator::code_aload (11 bytes)
Event: 0.132 Thread 0x00007fc8e012d800 nmethod 183 0x00007fc8d1168b10 code [0x00007fc8d1168c80, 0x00007fc8d1168e28]
Event: 0.132 Thread 0x00007fc8e012d800  181       3       java.lang.StringBuilder::<init> (18 bytes)
Event: 0.133 Thread 0x00007fc8e012d800 nmethod 181 0x00007fc8d11682d0 code [0x00007fc8d1168460, 0x00007fc8d1168928]
Event: 0.134 Thread 0x00007fc8e012d800  185       3       java.io.UnixFileSystem::normalize (75 bytes)
Event: 0.135 Thread 0x00007fc8e012d800 nmethod 185 0x00007fc8d1167790 code [0x00007fc8d1167960, 0x00007fc8d1167fc8]
Event: 0.135 Thread 0x00007fc8e012d800  189       3       java.lang.ref.Reference::<init> (25 bytes)
Event: 0.135 Thread 0x00007fc8e012d800 nmethod 189 0x00007fc8d1172650 code [0x00007fc8d11727c0, 0x00007fc8d1172a10]
Event: 0.135 Thread 0x00007fc8e012d800  186       3       java.lang.Character::toLowerCase (9 bytes)
Event: 0.135 Thread 0x00007fc8e012d800 nmethod 186 0x00007fc8d1172ad0 code [0x00007fc8d1172c40, 0x00007fc8d1172e78]
Event: 0.135 Thread 0x00007fc8e012d800  187       3       java.lang.CharacterDataLatin1::toLowerCase (39 bytes)
Event: 0.135 Thread 0x00007fc8e012d800 nmethod 187 0x00007fc8d1172f50 code [0x00007fc8d11730c0, 0x00007fc8d1173350]
Event: 0.135 Thread 0x00007fc8e012d800  188       3       java.lang.Character::toLowerCase (6 bytes)
Event: 0.135 Thread 0x00007fc8e012d800 nmethod 188 0x00007fc8d11734d0 code [0x00007fc8d1173660, 0x00007fc8d11738f8]
Event: 0.135 Thread 0x00007fc8e012d800  190       3       java.nio.Buffer::checkIndex (22 bytes)
Event: 0.136 Thread 0x00007fc8e012d800 nmethod 190 0x00007fc8d1173a10 code [0x00007fc8d1173b80, 0x00007fc8d1173dc8]
Event: 0.136 Thread 0x00007fc8e012d800  191       3       java.util.concurrent.ConcurrentHashMap$Node::<init> (26 bytes)
Event: 0.136 Thread 0x00007fc8e012d800 nmethod 191 0x00007fc8d1173e90 code [0x00007fc8d1174000, 0x00007fc8d1174210]
Event: 0.139 Thread 0x00007fc8e012d800  195       3       sun.misc.MetaIndex::mayContain (51 bytes)
Event: 0.140 Thread 0x00007fc8e012d800 nmethod 195 0x00007fc8d11742d0 code [0x00007fc8d1174480, 0x00007fc8d1174af8]
Event: 0.140 Thread 0x00007fc8e012d800  194       1       java.lang.StringCoding$StringEncoder::requestedCharsetName (5 bytes)
Event: 0.140 Thread 0x00007fc8e012d800 nmethod 194 0x00007fc8d1174d90 code [0x00007fc8d1174ee0, 0x00007fc8d1174ff0]
Event: 0.140 Thread 0x00007fc8e012d800  192       1       java.net.URL::getUserInfo (5 bytes)
Event: 0.140 Thread 0x00007fc8e012d800 nmethod 192 0x00007fc8d1175050 code [0x00007fc8d11751a0, 0x00007fc8d11752b0]
Event: 0.140 Thread 0x00007fc8e012d800  193       3       java.lang.String::toCharArray (25 bytes)
Event: 0.140 Thread 0x00007fc8e012d800 nmethod 193 0x00007fc8d1175310 code [0x00007fc8d1175480, 0x00007fc8d1175708]
Event: 0.140 Thread 0x00007fc8e012d800  196       1       java.lang.reflect.Method::getRoot (5 bytes)
Event: 0.140 Thread 0x00007fc8e012d800 nmethod 196 0x00007fc8d11757d0 code [0x00007fc8d1175920, 0x00007fc8d1175a30]
Event: 0.140 Thread 0x00007fc8e012d800  197       3       java.util.Objects::requireNonNull (14 bytes)
Event: 0.140 Thread 0x00007fc8e012d800 nmethod 197 0x00007fc8d1175a90 code [0x00007fc8d1175c00, 0x00007fc8d1175e28]
Event: 0.140 Thread 0x00007fc8e012d800  198       3       java.lang.Class$MethodArray::get (7 bytes)
Event: 0.140 Thread 0x00007fc8e012d800 nmethod 198 0x00007fc8d1175f10 code [0x00007fc8d1176080, 0x00007fc8d1176210]
Event: 0.141 Thread 0x00007fc8e012d800  199       3       java.util.HashMap$HashIterator::nextNode (100 bytes)
Event: 0.142 Thread 0x00007fc8e011a000  202       4       sun.misc.ProxyGenerator$ConstantPool::getValue (91 bytes)
Event: 0.142 Thread 0x00007fc8e012d800 nmethod 199 0x00007fc8d1177810 code [0x00007fc8d11779c0, 0x00007fc8d1177e78]
Event: 0.142 Thread 0x00007fc8e012d800  200       3       java.lang.reflect.Method::isDefault (28 bytes)
Event: 0.143 Thread 0x00007fc8e012d800 nmethod 200 0x00007fc8d117ad50 code [0x00007fc8d117aec0, 0x00007fc8d117b288]
Event: 0.143 Thread 0x00007fc8e012d800  201       3       sun.misc.ProxyGenerator$ExceptionTableEntry::<init> (26 bytes)
Event: 0.143 Thread 0x00007fc8e012d800 nmethod 201 0x00007fc8d117b350 code [0x00007fc8d117b4c0, 0x00007fc8d117b670]
Event: 0.143 Thread 0x00007fc8e012d800  203       3       java.lang.Class::arrayContentsEq (70 bytes)
Event: 0.143 Thread 0x00007fc8e0129800 nmethod 179 0x00007fc8d117b750 code [0x00007fc8d117b940, 0x00007fc8d117cef0]
Event: 0.144 Thread 0x00007fc8e012d800 nmethod 203 0x00007fc8d11770d0 code [0x00007fc8d1177260, 0x00007fc8d11776b0]
Event: 0.144 Thread 0x00007fc8e012d800  206       1       java.lang.System::getSecurityManager (4 bytes)
Event: 0.144 Thread 0x00007fc8e012d800 nmethod 206 0x00007fc8d1176e50 code [0x00007fc8d1176fa0, 0x00007fc8d1177090]
Event: 0.144 Thread 0x00007fc8e012d800  204       3       java.lang.Class::getMethod0 (40 bytes)
Event: 0.145 Thread 0x00007fc8e012d800 nmethod 204 0x00007fc8d1176890 code [0x00007fc8d1176a20, 0x00007fc8d1176d18]
Event: 0.145 Thread 0x00007fc8e012d800  205       3       java.lang.reflect.Method::copy (84 bytes)
Event: 0.145 Thread 0x00007fc8e012d800 nmethod 205 0x00007fc8d117a6d0 code [0x00007fc8d117a860, 0x00007fc8d117ac38]
Event: 0.145 Thread 0x00007fc8e0129800  207   !   4       sun.reflect.generics.parser.SignatureParser::current (40 bytes)
Event: 0.146 Thread 0x00007fc8e0129800 nmethod 207 0x00007fc8d1176610 code [0x00007fc8d1176760, 0x00007fc8d11767f8]
Event: 0.147 Thread 0x00007fc8e012d800  208       3       io.strimzi.crdgenerator.Property::findAnnotation (72 bytes)
Event: 0.148 Thread 0x00007fc8e012d800 nmethod 208 0x00007fc8d1178a10 code [0x00007fc8d1178c80, 0x00007fc8d1179be8]
Event: 0.148 Thread 0x00007fc8e012d800  209       3       java.lang.Class$MethodArray::hasDefaults (13 bytes)
Event: 0.148 Thread 0x00007fc8e012d800 nmethod 209 0x00007fc8d1178690 code [0x00007fc8d1178800, 0x00007fc8d11789b0]
Event: 0.148 Thread 0x00007fc8e012d800  210       3       java.nio.Buffer::nextGetIndex (38 bytes)
Event: 0.148 Thread 0x00007fc8e012d800 nmethod 210 0x00007fc8d1178210 code [0x00007fc8d1178380, 0x00007fc8d11785a8]
Event: 0.148 Thread 0x00007fc8e012d800  212       3       java.lang.String::indexOf (25 bytes)
Event: 0.148 Thread 0x00007fc8e012d800 nmethod 212 0x00007fc8d117eb50 code [0x00007fc8d117ecc0, 0x00007fc8d117ee88]
Event: 0.148 Thread 0x00007fc8e012d800  211       3       java.lang.String::indexOf (7 bytes)
Event: 0.149 Thread 0x00007fc8e012d800 nmethod 211 0x00007fc8d117e5d0 code [0x00007fc8d117e740, 0x00007fc8d117e9e8]
Event: 0.149 Thread 0x00007fc8e012d800  213       3       sun.net.www.ParseUtil::encodePath (336 bytes)
Event: 0.150 Thread 0x00007fc8e012d800 nmethod 213 0x00007fc8d117ef90 code [0x00007fc8d117f200, 0x00007fc8d11801f8]
Event: 0.150 Thread 0x00007fc8e012d800  214       1       java.net.URLStreamHandler::getDefaultPort (2 bytes)
Event: 0.150 Thread 0x00007fc8e012d800 nmethod 214 0x00007fc8d1176310 code [0x00007fc8d1176460, 0x00007fc8d1176570]
Event: 0.150 Thread 0x00007fc8e012d800  215       3       java.lang.ThreadLocal::getMap (5 bytes)

GC Heap History (0 events):
No events

Deoptimization events (1 events):
Event: 0.145 Thread 0x00007fc8e004c800 Uncommon trap: reason=range_check action=make_not_entrant pc=0x00007fc8d1165a48 method=sun.reflect.generics.parser.SignatureParser.current()C @ 34

Classes redefined (0 events):
No events

Internal exceptions (9 events):
Event: 0.022 Thread 0x00007fc8e004c800 Exception <a 'java/lang/NoSuchMethodError': Method sun.misc.Unsafe.defineClass(Ljava/lang/String;[BII)Ljava/lang/Class; name or signature does not match> (0x000000071a607cb8) thrown at [/builddir/build/BUILD/java-1.8.0-openjdk-1.8.0.222.b10-0.fc29.x86_64/
Event: 0.022 Thread 0x00007fc8e004c800 Exception <a 'java/lang/NoSuchMethodError': Method sun.misc.Unsafe.prefetchRead(Ljava/lang/Object;J)V name or signature does not match> (0x000000071a607fa0) thrown at [/builddir/build/BUILD/java-1.8.0-openjdk-1.8.0.222.b10-0.fc29.x86_64/openjdk/hotspot/sr
Event: 0.049 Thread 0x00007fc8e004c800 Exception <a 'java/security/PrivilegedActionException'> (0x000000071a65d498) thrown at [/builddir/build/BUILD/java-1.8.0-openjdk-1.8.0.222.b10-0.fc29.x86_64/openjdk/hotspot/src/share/vm/prims/jvm.cpp, line 1512]
Event: 0.049 Thread 0x00007fc8e004c800 Exception <a 'java/security/PrivilegedActionException'> (0x000000071a65d6a8) thrown at [/builddir/build/BUILD/java-1.8.0-openjdk-1.8.0.222.b10-0.fc29.x86_64/openjdk/hotspot/src/share/vm/prims/jvm.cpp, line 1512]
Event: 0.049 Thread 0x00007fc8e004c800 Exception <a 'java/security/PrivilegedActionException'> (0x000000071a65eec8) thrown at [/builddir/build/BUILD/java-1.8.0-openjdk-1.8.0.222.b10-0.fc29.x86_64/openjdk/hotspot/src/share/vm/prims/jvm.cpp, line 1512]
Event: 0.049 Thread 0x00007fc8e004c800 Exception <a 'java/security/PrivilegedActionException'> (0x000000071a65f0d8) thrown at [/builddir/build/BUILD/java-1.8.0-openjdk-1.8.0.222.b10-0.fc29.x86_64/openjdk/hotspot/src/share/vm/prims/jvm.cpp, line 1512]
Event: 0.145 Thread 0x00007fc8e004c800 Exception <a 'java/lang/ArrayIndexOutOfBoundsException': 38> (0x000000071ab87190) thrown at [/builddir/build/BUILD/java-1.8.0-openjdk-1.8.0.222.b10-0.fc29.x86_64/openjdk/hotspot/src/share/vm/interpreter/interpreterRuntime.cpp, line 371]
Event: 0.145 Thread 0x00007fc8e004c800 Exception <a 'java/lang/ArrayIndexOutOfBoundsException': 18> (0x000000071ab87bf8) thrown at [/builddir/build/BUILD/java-1.8.0-openjdk-1.8.0.222.b10-0.fc29.x86_64/openjdk/hotspot/src/share/vm/interpreter/interpreterRuntime.cpp, line 371]
Event: 0.145 Thread 0x00007fc8e004c800 Exception <a 'java/lang/ArrayIndexOutOfBoundsException': 67> (0x000000071ab88a88) thrown at [/builddir/build/BUILD/java-1.8.0-openjdk-1.8.0.222.b10-0.fc29.x86_64/openjdk/hotspot/src/share/vm/interpreter/interpreterRuntime.cpp, line 371]

Events (250 events):
Event: 0.080 loading class sun/reflect/generics/tree/TypeSignature
Event: 0.080 loading class sun/reflect/generics/tree/ReturnType
Event: 0.080 loading class sun/reflect/generics/tree/ReturnType done
Event: 0.080 loading class sun/reflect/generics/tree/TypeSignature done
Event: 0.080 loading class sun/reflect/generics/tree/BaseType done
Event: 0.080 loading class sun/reflect/generics/tree/FieldTypeSignature done
Event: 0.080 loading class sun/reflect/generics/tree/SimpleClassTypeSignature done
Event: 0.080 loading class sun/reflect/generics/tree/ClassTypeSignature
Event: 0.080 loading class sun/reflect/generics/tree/ClassTypeSignature done
Event: 0.080 loading class sun/reflect/generics/scope/ClassScope
Event: 0.080 loading class sun/reflect/generics/scope/Scope
Event: 0.080 loading class sun/reflect/generics/scope/Scope done
Event: 0.080 loading class sun/reflect/generics/scope/AbstractScope
Event: 0.080 loading class sun/reflect/generics/scope/AbstractScope done
Event: 0.080 loading class sun/reflect/generics/scope/ClassScope done
Event: 0.080 loading class sun/reflect/generics/factory/CoreReflectionFactory
Event: 0.080 loading class sun/reflect/generics/factory/GenericsFactory
Event: 0.080 loading class sun/reflect/generics/factory/GenericsFactory done
Event: 0.080 loading class sun/reflect/generics/factory/CoreReflectionFactory done
Event: 0.080 loading class sun/reflect/generics/visitor/Reifier
Event: 0.080 loading class sun/reflect/generics/visitor/TypeTreeVisitor
Event: 0.080 loading class sun/reflect/generics/visitor/TypeTreeVisitor done
Event: 0.080 loading class sun/reflect/generics/visitor/Reifier done
Event: 0.080 loading class com/fasterxml/jackson/annotation/JsonProperty
Event: 0.080 loading class com/fasterxml/jackson/annotation/JsonProperty done
Event: 0.081 loading class java/lang/reflect/GenericArrayType
Event: 0.081 loading class java/lang/reflect/GenericArrayType done
Event: 0.081 loading class sun/reflect/annotation/AnnotationType$1
Event: 0.081 loading class sun/reflect/annotation/AnnotationType$1 done
Event: 0.081 loading class com/fasterxml/jackson/annotation/JsonProperty$Access
Event: 0.081 loading class com/fasterxml/jackson/annotation/JsonProperty$Access done
Event: 0.082 loading class sun/reflect/annotation/ExceptionProxy
Event: 0.082 loading class sun/reflect/annotation/ExceptionProxy done
Event: 0.082 loading class java/lang/Class$4
Event: 0.082 loading class java/lang/Class$4 done
Event: 0.083 loading class sun/reflect/NativeMethodAccessorImpl
Event: 0.083 loading class sun/reflect/NativeMethodAccessorImpl done
Event: 0.083 loading class sun/reflect/DelegatingMethodAccessorImpl
Event: 0.083 loading class sun/reflect/DelegatingMethodAccessorImpl done
Event: 0.083 loading class java/lang/annotation/Retention
Event: 0.083 loading class java/lang/annotation/Retention done
Event: 0.083 loading class java/lang/annotation/Inherited
Event: 0.083 loading class java/lang/annotation/Inherited done
Event: 0.083 loading class java/lang/annotation/Target
Event: 0.083 loading class java/lang/annotation/Target done
Event: 0.083 loading class java/lang/annotation/RetentionPolicy
Event: 0.083 loading class java/lang/annotation/RetentionPolicy done
Event: 0.083 loading class sun/reflect/annotation/AnnotationTypeMismatchExceptionProxy
Event: 0.083 loading class sun/reflect/annotation/AnnotationTypeMismatchExceptionProxy done
Event: 0.083 loading class sun/reflect/annotation/AnnotationParser$1
Event: 0.083 loading class sun/reflect/annotation/AnnotationParser$1 done
Event: 0.084 loading class sun/reflect/annotation/AnnotationInvocationHandler
Event: 0.084 loading class java/lang/reflect/InvocationHandler
Event: 0.084 loading class java/lang/reflect/InvocationHandler done
Event: 0.084 loading class sun/reflect/annotation/AnnotationInvocationHandler done
Event: 0.084 loading class java/lang/reflect/Proxy
Event: 0.084 loading class java/lang/reflect/Proxy done
Event: 0.084 loading class java/lang/reflect/WeakCache
Event: 0.084 loading class java/lang/reflect/WeakCache done
Event: 0.084 loading class java/lang/reflect/Proxy$KeyFactory
Event: 0.084 loading class java/util/function/BiFunction
Event: 0.084 loading class java/util/function/BiFunction done
Event: 0.084 loading class java/lang/reflect/Proxy$KeyFactory done
Event: 0.084 loading class java/lang/reflect/Proxy$ProxyClassFactory
Event: 0.084 loading class java/lang/reflect/Proxy$ProxyClassFactory done
Event: 0.084 loading class java/lang/reflect/WeakCache$CacheKey
Event: 0.084 loading class java/lang/reflect/WeakCache$CacheKey done
Event: 0.084 loading class java/lang/reflect/Proxy$Key1
Event: 0.084 loading class java/lang/reflect/Proxy$Key1 done
Event: 0.084 loading class java/lang/reflect/WeakCache$Factory
Event: 0.084 loading class java/util/function/Supplier
Event: 0.084 loading class java/util/function/Supplier done
Event: 0.084 loading class java/lang/reflect/WeakCache$Factory done
Event: 0.084 loading class java/util/IdentityHashMap
Event: 0.085 loading class java/util/IdentityHashMap done
Event: 0.085 loading class sun/misc/ProxyGenerator
Event: 0.085 loading class sun/misc/ProxyGenerator done
Event: 0.085 loading class sun/security/action/GetBooleanAction
Event: 0.085 loading class sun/security/action/GetBooleanAction done
Event: 0.085 loading class sun/misc/ProxyGenerator$ConstantPool
Event: 0.085 loading class sun/misc/ProxyGenerator$ConstantPool done
Event: 0.085 loading class sun/misc/ProxyGenerator$ProxyMethod
Event: 0.086 loading class sun/misc/ProxyGenerator$ProxyMethod done
Event: 0.086 loading class java/util/HashMap$Values
Event: 0.086 loading class java/util/HashMap$Values done
Event: 0.086 loading class java/util/HashMap$ValueIterator
Event: 0.086 loading class java/util/HashMap$ValueIterator done
Event: 0.086 loading class sun/misc/ProxyGenerator$MethodInfo
Event: 0.086 loading class sun/misc/ProxyGenerator$MethodInfo done
Event: 0.086 loading class java/io/ByteArrayOutputStream
Event: 0.086 loading class java/io/ByteArrayOutputStream done
Event: 0.086 loading class sun/misc/ProxyGenerator$ConstantPool$ValueEntry
Event: 0.086 loading class sun/misc/ProxyGenerator$ConstantPool$Entry
Event: 0.086 loading class sun/misc/ProxyGenerator$ConstantPool$Entry done
Event: 0.086 loading class sun/misc/ProxyGenerator$ConstantPool$ValueEntry done
Event: 0.086 loading class java/io/DataOutputStream
Event: 0.086 loading class java/io/DataOutput
Event: 0.086 loading class java/io/DataOutput done
Event: 0.086 loading class java/io/DataOutputStream done
Event: 0.086 loading class sun/misc/ProxyGenerator$ConstantPool$IndirectEntry
Event: 0.086 loading class sun/misc/ProxyGenerator$ConstantPool$IndirectEntry done
Event: 0.087 loading class sun/misc/ProxyGenerator$FieldInfo
Event: 0.087 loading class sun/misc/ProxyGenerator$FieldInfo done
Event: 0.087 loading class sun/misc/ProxyGenerator$PrimitiveTypeInfo
Event: 0.087 loading class sun/misc/ProxyGenerator$PrimitiveTypeInfo done
Event: 0.087 loading class sun/misc/ProxyGenerator$ExceptionTableEntry
Event: 0.087 loading class sun/misc/ProxyGenerator$ExceptionTableEntry done
Event: 0.088 loading class java/lang/reflect/WeakCache$CacheValue
Event: 0.088 loading class java/lang/reflect/WeakCache$Value
Event: 0.088 loading class java/lang/reflect/WeakCache$Value done
Event: 0.088 loading class java/lang/reflect/WeakCache$CacheValue done
Event: 0.089 loading class com/fasterxml/jackson/annotation/JacksonAnnotation
Event: 0.089 loading class com/fasterxml/jackson/annotation/JacksonAnnotation done
Event: 0.091 loading class java/lang/reflect/UndeclaredThrowableException
Event: 0.091 loading class java/lang/reflect/UndeclaredThrowableException done
Event: 0.093 loading class io/strimzi/crdgenerator/annotations/Description
Event: 0.093 loading class io/strimzi/crdgenerator/annotations/Description done
Event: 0.095 loading class io/strimzi/crdgenerator/PropertyType
Event: 0.095 loading class io/strimzi/crdgenerator/PropertyType done
Event: 0.096 loading class java/util/TreeMap$Entry
Event: 0.096 loading class java/util/TreeMap$Entry done
Event: 0.099 loading class com/fasterxml/jackson/annotation/JsonAnySetter
Event: 0.099 loading class com/fasterxml/jackson/annotation/JsonAnySetter done
Event: 0.103 loading class com/fasterxml/jackson/annotation/JsonPropertyOrder
Event: 0.103 loading class com/fasterxml/jackson/annotation/JsonPropertyOrder done
Event: 0.104 loading class com/fasterxml/jackson/databind/annotation/JsonDeserialize
Event: 0.104 loading class com/fasterxml/jackson/databind/annotation/JsonDeserialize done
Event: 0.105 loading class com/fasterxml/jackson/databind/JsonDeserializer$None
Event: 0.105 loading class com/fasterxml/jackson/databind/JsonDeserializer$None done
Event: 0.105 loading class com/fasterxml/jackson/databind/JsonDeserializer
Event: 0.105 loading class com/fasterxml/jackson/databind/JsonDeserializer done
Event: 0.105 loading class com/fasterxml/jackson/databind/deser/NullValueProvider
Event: 0.105 loading class com/fasterxml/jackson/databind/deser/NullValueProvider done
Event: 0.106 loading class com/fasterxml/jackson/databind/util/Converter$None
Event: 0.106 loading class com/fasterxml/jackson/databind/util/Converter$None done
Event: 0.106 loading class com/fasterxml/jackson/databind/util/Converter
Event: 0.106 loading class com/fasterxml/jackson/databind/util/Converter done
Event: 0.107 loading class com/fasterxml/jackson/databind/KeyDeserializer$None
Event: 0.107 loading class com/fasterxml/jackson/databind/KeyDeserializer$None done
Event: 0.107 loading class com/fasterxml/jackson/databind/KeyDeserializer
Event: 0.107 loading class com/fasterxml/jackson/databind/KeyDeserializer done
Event: 0.110 loading class io/strimzi/crdgenerator/annotations/Crd$Spec
Event: 0.110 loading class io/strimzi/crdgenerator/annotations/Crd$Spec done
Event: 0.110 loading class io/strimzi/crdgenerator/annotations/Crd$Spec$Version
Event: 0.110 loading class io/strimzi/crdgenerator/annotations/Crd$Spec$Version done
Event: 0.117 loading class io/strimzi/crdgenerator/annotations/Crd$Spec$Subresources
Event: 0.117 loading class io/strimzi/crdgenerator/annotations/Crd$Spec$Subresources done
Event: 0.117 loading class io/strimzi/crdgenerator/annotations/Crd$Spec$AdditionalPrinterColumn
Event: 0.117 loading class io/strimzi/crdgenerator/annotations/Crd$Spec$AdditionalPrinterColumn done
Event: 0.117 loading class io/strimzi/crdgenerator/annotations/Crd$Spec$Names
Event: 0.117 loading class io/strimzi/crdgenerator/annotations/Crd$Spec$Names done
Event: 0.118 loading class io/strimzi/crdgenerator/annotations/Crd$Spec$Subresources$Status
Event: 0.118 loading class io/strimzi/crdgenerator/annotations/Crd$Spec$Subresources$Status done
Event: 0.127 loading class com/fasterxml/jackson/annotation/JsonInclude
Event: 0.127 loading class com/fasterxml/jackson/annotation/JsonInclude done
Event: 0.127 loading class com/fasterxml/jackson/annotation/JsonInclude$Include
Event: 0.127 loading class com/fasterxml/jackson/annotation/JsonInclude$Include done
Event: 0.132 loading class java/util/Collections$EmptyIterator
Event: 0.132 loading class java/util/Collections$EmptyIterator done
Event: 0.132 loading class java/util/LinkedHashMap$LinkedEntrySet
Event: 0.132 loading class java/util/LinkedHashMap$LinkedEntrySet done
Event: 0.132 loading class java/util/LinkedHashMap$LinkedEntryIterator
Event: 0.132 loading class java/util/LinkedHashMap$LinkedHashIterator
Event: 0.132 loading class java/util/LinkedHashMap$LinkedHashIterator done
Event: 0.133 loading class java/util/LinkedHashMap$LinkedEntryIterator done
Event: 0.133 loading class java/util/Collections$UnmodifiableMap
Event: 0.133 loading class java/util/Collections$UnmodifiableMap done
Event: 0.133 loading class java/util/LinkedHashMap$LinkedValues
Event: 0.133 loading class java/util/LinkedHashMap$LinkedValues done
Event: 0.133 loading class java/util/Collections$UnmodifiableCollection$1
Event: 0.133 loading class java/util/Collections$UnmodifiableCollection$1 done
Event: 0.133 loading class java/util/LinkedHashMap$LinkedValueIterator
Event: 0.133 loading class java/util/LinkedHashMap$LinkedValueIterator done
Event: 0.133 loading class io/strimzi/crdgenerator/annotations/KubeLink
Event: 0.133 loading class io/strimzi/crdgenerator/annotations/KubeLink done
Event: 0.134 loading class java/lang/reflect/ParameterizedType
Event: 0.134 loading class java/lang/reflect/ParameterizedType done
Event: 0.134 loading class com/fasterxml/jackson/annotation/JsonSubTypes
Event: 0.134 loading class com/fasterxml/jackson/annotation/JsonSubTypes done
Event: 0.135 loading class java/util/Collections$1
Event: 0.135 loading class java/util/Collections$1 done
Event: 0.135 loading class io/strimzi/crdgenerator/Schema
Event: 0.135 loading class io/strimzi/crdgenerator/Schema done
Event: 0.135 loading class io/strimzi/api/kafka/model/ZookeeperClusterSpec
Event: 0.135 loading class io/strimzi/api/kafka/model/ZookeeperClusterSpec done
Event: 0.136 loading class io/strimzi/api/kafka/model/TopicOperatorSpec
Event: 0.136 loading class io/strimzi/api/kafka/model/TopicOperatorSpec done
Event: 0.136 loading class io/strimzi/api/kafka/model/EntityTopicOperatorSpec
Event: 0.136 loading class io/strimzi/api/kafka/model/EntityTopicOperatorSpec done
Event: 0.137 loading class io/strimzi/api/kafka/model/EntityOperatorSpec
Event: 0.137 loading class io/strimzi/api/kafka/model/EntityOperatorSpec done
Event: 0.137 loading class io/strimzi/api/kafka/model/CertificateAuthority
Event: 0.137 loading class io/strimzi/api/kafka/model/CertificateAuthority done
Event: 0.138 loading class io/strimzi/api/kafka/model/KafkaExporterSpec
Event: 0.138 loading class io/strimzi/api/kafka/model/KafkaExporterSpec done
Event: 0.138 loading class io/strimzi/api/kafka/model/KafkaClusterSpec
Event: 0.138 loading class io/strimzi/api/kafka/model/KafkaClusterSpec done
Event: 0.140 loading class java/lang/Deprecated
Event: 0.140 loading class java/lang/Deprecated done
Event: 0.140 loading class java/lang/annotation/Documented
Event: 0.140 loading class java/lang/annotation/Documented done
Event: 0.141 loading class io/strimzi/api/annotations/DeprecatedProperty
Event: 0.141 loading class io/strimzi/api/annotations/DeprecatedProperty done
Event: 0.144 loading class sun/reflect/generics/scope/MethodScope
Event: 0.144 loading class sun/reflect/generics/scope/MethodScope done
Event: 0.144 loading class sun/reflect/generics/repository/MethodRepository
Event: 0.144 loading class sun/reflect/generics/repository/ConstructorRepository
Event: 0.144 loading class sun/reflect/generics/repository/ConstructorRepository done
Event: 0.144 loading class sun/reflect/generics/repository/MethodRepository done
Event: 0.145 loading class sun/reflect/generics/tree/FormalTypeParameter
Event: 0.145 loading class sun/reflect/generics/tree/FormalTypeParameter done
Event: 0.145 Thread 0x00007fc8e004c800 Uncommon trap: trap_request=0xffffffe4 fr.pc=0x00007fc8d1165a48
Event: 0.145 Thread 0x00007fc8e004c800 DEOPT PACKING pc=0x00007fc8d1165a48 sp=0x00007fc8e7692130
Event: 0.145 Thread 0x00007fc8e004c800 DEOPT UNPACKING pc=0x00007fc8d1047f7a sp=0x00007fc8e76920e8 mode 2
Event: 0.145 loading class java/lang/ArrayIndexOutOfBoundsException
Event: 0.145 loading class java/lang/IndexOutOfBoundsException
Event: 0.145 loading class java/lang/IndexOutOfBoundsException done
Event: 0.145 loading class java/lang/ArrayIndexOutOfBoundsException done
Event: 0.145 loading class sun/reflect/generics/tree/MethodTypeSignature
Event: 0.145 loading class sun/reflect/generics/tree/Signature
Event: 0.145 loading class sun/reflect/generics/tree/Signature done
Event: 0.145 loading class sun/reflect/generics/tree/MethodTypeSignature done
Event: 0.145 loading class sun/reflect/generics/reflectiveObjects/ParameterizedTypeImpl
Event: 0.145 loading class sun/reflect/generics/reflectiveObjects/ParameterizedTypeImpl done
Event: 0.145 loading class sun/reflect/generics/tree/ClassSignature
Event: 0.145 loading class sun/reflect/generics/tree/ClassSignature done
Event: 0.145 loading class sun/reflect/generics/tree/TypeVariableSignature
Event: 0.145 loading class sun/reflect/generics/tree/TypeVariableSignature done
Event: 0.145 loading class java/lang/reflect/TypeVariable
Event: 0.145 loading class java/lang/reflect/TypeVariable done
Event: 0.146 loading class sun/reflect/generics/reflectiveObjects/TypeVariableImpl
Event: 0.146 loading class sun/reflect/generics/reflectiveObjects/LazyReflectiveObjectGenerator
Event: 0.146 loading class sun/reflect/generics/reflectiveObjects/LazyReflectiveObjectGenerator done
Event: 0.146 loading class sun/reflect/generics/reflectiveObjects/TypeVariableImpl done
Event: 0.147 loading class java/util/TreeMap$EntrySet
Event: 0.147 loading class java/util/TreeMap$EntrySet done
Event: 0.147 loading class java/util/TreeMap$EntryIterator
Event: 0.147 loading class java/util/TreeMap$PrivateEntryIterator
Event: 0.147 loading class java/util/TreeMap$PrivateEntryIterator done
Event: 0.148 loading class java/util/TreeMap$EntryIterator done
Event: 0.148 loading class io/strimzi/api/kafka/model/listener/KafkaListeners
Event: 0.148 loading class io/strimzi/api/kafka/model/listener/KafkaListeners done
Event: 0.149 loading class io/strimzi/api/kafka/model/KafkaAuthorization
Event: 0.149 loading class io/strimzi/api/kafka/model/KafkaAuthorization done
Event: 0.149 loading class io/strimzi/api/kafka/model/Rack
Event: 0.149 loading class io/strimzi/api/kafka/model/Rack done
Event: 0.149 loading class io/strimzi/api/kafka/model/storage/Storage
Event: 0.149 loading class io/strimzi/api/kafka/model/storage/Storage done
Event: 0.150 loading class io/strimzi/api/kafka/model/Logging
Event: 0.150 loading class io/strimzi/api/kafka/model/Logging done


Dynamic libraries:
5cf200000-5e3e00000 rw-p 00000000 00:00 0 
5e3e00000-71a600000 ---p 00000000 00:00 0 
71a600000-724c00000 rw-p 00000000 00:00 0 
724c00000-7c0000000 ---p 00000000 00:00 0 
7c0000000-7c0080000 rw-p 00000000 00:00 0 
7c0080000-800000000 ---p 00000000 00:00 0 
5581e1b34000-5581e1b35000 r--p 00000000 fd:03 6330203                    /usr/lib/jvm/java-1.8.0-openjdk-1.8.0.222.b10-0.fc29.x86_64/jre/bin/java
5581e1b35000-5581e1b36000 r-xp 00001000 fd:03 6330203                    /usr/lib/jvm/java-1.8.0-openjdk-1.8.0.222.b10-0.fc29.x86_64/jre/bin/java
5581e1b36000-5581e1b37000 r--p 00002000 fd:03 6330203                    /usr/lib/jvm/java-1.8.0-openjdk-1.8.0.222.b10-0.fc29.x86_64/jre/bin/java
5581e1b37000-5581e1b38000 r--p 00002000 fd:03 6330203                    /usr/lib/jvm/java-1.8.0-openjdk-1.8.0.222.b10-0.fc29.x86_64/jre/bin/java
5581e1b38000-5581e1b39000 rw-p 00003000 fd:03 6330203                    /usr/lib/jvm/java-1.8.0-openjdk-1.8.0.222.b10-0.fc29.x86_64/jre/bin/java
5581e39ba000-5581e39db000 rw-p 00000000 00:00 0                          [heap]
7fc85c000000-7fc85c021000 rw-p 00000000 00:00 0 
7fc85c021000-7fc860000000 ---p 00000000 00:00 0 
7fc864000000-7fc8641c3000 rw-p 00000000 00:00 0 
7fc8641c3000-7fc868000000 ---p 00000000 00:00 0 
7fc868000000-7fc868021000 rw-p 00000000 00:00 0 
7fc868021000-7fc86c000000 ---p 00000000 00:00 0 
7fc86c000000-7fc86c0b9000 rw-p 00000000 00:00 0 
7fc86c0b9000-7fc870000000 ---p 00000000 00:00 0 
7fc870000000-7fc87014c000 rw-p 00000000 00:00 0 
7fc87014c000-7fc874000000 ---p 00000000 00:00 0 
7fc874000000-7fc87439c000 rw-p 00000000 00:00 0 
7fc87439c000-7fc878000000 ---p 00000000 00:00 0 
7fc87953c000-7fc880000000 r--p 00000000 fd:03 5397280                    /usr/lib/locale/locale-archive
7fc880000000-7fc880021000 rw-p 00000000 00:00 0 
7fc880021000-7fc884000000 ---p 00000000 00:00 0 
7fc884000000-7fc884021000 rw-p 00000000 00:00 0 
7fc884021000-7fc888000000 ---p 00000000 00:00 0 
7fc888000000-7fc888021000 rw-p 00000000 00:00 0 
7fc888021000-7fc88c000000 ---p 00000000 00:00 0 
7fc88c000000-7fc88c021000 rw-p 00000000 00:00 0 
7fc88c021000-7fc890000000 ---p 00000000 00:00 0 
7fc890000000-7fc890021000 rw-p 00000000 00:00 0 
7fc890021000-7fc894000000 ---p 00000000 00:00 0 
7fc894790000-7fc8a4000000 rw-p 00000000 00:00 0 
7fc8a4000000-7fc8a4021000 rw-p 00000000 00:00 0 
7fc8a4021000-7fc8a8000000 ---p 00000000 00:00 0 
7fc8a8000000-7fc8a8021000 rw-p 00000000 00:00 0 
7fc8a8021000-7fc8ac000000 ---p 00000000 00:00 0 
7fc8ac000000-7fc8ac021000 rw-p 00000000 00:00 0 
7fc8ac021000-7fc8b0000000 ---p 00000000 00:00 0 
7fc8b4000000-7fc8b4021000 rw-p 00000000 00:00 0 
7fc8b4021000-7fc8b8000000 ---p 00000000 00:00 0 
7fc8bc000000-7fc8bc021000 rw-p 00000000 00:00 0 
7fc8bc021000-7fc8c0000000 ---p 00000000 00:00 0 
7fc8c4000000-7fc8c4021000 rw-p 00000000 00:00 0 
7fc8c4021000-7fc8c8000000 ---p 00000000 00:00 0 
7fc8c9c5d000-7fc8c9c84000 rw-p 00000000 00:00 0 
7fc8c9c84000-7fc8c9d9c000 r--s 00be1000 fd:05 10229337                   /home/ppatiern/github/strimzi-kafka-operator/crd-generator/target/crd-generator-0.14.0-SNAPSHOT.jar
7fc8c9d9c000-7fc8c9d9d000 ---p 00000000 00:00 0 
7fc8c9d9d000-7fc8c9e9d000 rw-p 00000000 00:00 0 
7fc8c9e9d000-7fc8c9ea0000 ---p 00000000 00:00 0 
7fc8c9ea0000-7fc8c9f9e000 rw-p 00000000 00:00 0 
7fc8c9f9e000-7fc8c9f9f000 ---p 00000000 00:00 0 
7fc8c9f9f000-7fc8c9fa2000 ---p 00000000 00:00 0 
7fc8c9fa2000-7fc8ca09f000 rw-p 00000000 00:00 0 
7fc8ca09f000-7fc8ca0a0000 ---p 00000000 00:00 0 
7fc8ca0a0000-7fc8ca0a3000 ---p 00000000 00:00 0 
7fc8ca0a3000-7fc8ca1a0000 rw-p 00000000 00:00 0 
7fc8ca1a0000-7fc8ca1a1000 ---p 00000000 00:00 0 
7fc8ca1a1000-7fc8ca1a4000 ---p 00000000 00:00 0 
7fc8ca1a4000-7fc8ca2a1000 rw-p 00000000 00:00 0 
7fc8ca2a1000-7fc8ca2a2000 ---p 00000000 00:00 0 
7fc8ca2a2000-7fc8ca2a5000 ---p 00000000 00:00 0 
7fc8ca2a5000-7fc8ca3a2000 rw-p 00000000 00:00 0 
7fc8ca3a2000-7fc8ca3a5000 ---p 00000000 00:00 0 
7fc8ca3a5000-7fc8ca4a3000 rw-p 00000000 00:00 0 
7fc8ca4a3000-7fc8ca4a6000 ---p 00000000 00:00 0 
7fc8ca4a6000-7fc8ca5a4000 rw-p 00000000 00:00 0 
7fc8ca5a4000-7fc8ca5a7000 ---p 00000000 00:00 0 
7fc8ca5a7000-7fc8ca6a5000 rw-p 00000000 00:00 0 
7fc8ca6a5000-7fc8ca6a6000 ---p 00000000 00:00 0 
7fc8ca6a6000-7fc8cc000000 rw-p 00000000 00:00 0 
7fc8cc000000-7fc8cc021000 rw-p 00000000 00:00 0 
7fc8cc021000-7fc8d0000000 ---p 00000000 00:00 0 
7fc8d0016000-7fc8d1000000 rw-p 00000000 00:00 0 
7fc8d1000000-7fc8d1270000 rwxp 00000000 00:00 0 
7fc8d1270000-7fc8e0000000 ---p 00000000 00:00 0 
7fc8e0000000-7fc8e04c5000 rw-p 00000000 00:00 0 
7fc8e04c5000-7fc8e4000000 ---p 00000000 00:00 0 
7fc8e4018000-7fc8e401f000 r--s 00000000 fd:03 5779636                    /usr/lib64/gconv/gconv-modules.cache
7fc8e401f000-7fc8e4020000 r--p 00000000 fd:03 5517334                    /usr/lib/locale/en_GB.utf8/LC_TIME
7fc8e4020000-7fc8e43f5000 rw-p 00000000 00:00 0 
7fc8e43f5000-7fc8e45c5000 r--s 04445000 fd:03 6330287                    /usr/lib/jvm/java-1.8.0-openjdk-1.8.0.222.b10-0.fc29.x86_64/jre/lib/rt.jar
7fc8e45c5000-7fc8e4b3e000 rw-p 00000000 00:00 0 
7fc8e4b3e000-7fc8e4ebe000 ---p 00000000 00:00 0 
7fc8e4ebe000-7fc8e4f5a000 rw-p 00000000 00:00 0 
7fc8e4f5a000-7fc8e4f5b000 ---p 00000000 00:00 0 
7fc8e4f5b000-7fc8e505b000 rw-p 00000000 00:00 0 
7fc8e505b000-7fc8e505c000 ---p 00000000 00:00 0 
7fc8e505c000-7fc8e515c000 rw-p 00000000 00:00 0 
7fc8e515c000-7fc8e515d000 ---p 00000000 00:00 0 
7fc8e515d000-7fc8e525d000 rw-p 00000000 00:00 0 
7fc8e525d000-7fc8e525e000 ---p 00000000 00:00 0 
7fc8e525e000-7fc8e535e000 rw-p 00000000 00:00 0 
7fc8e535e000-7fc8e535f000 ---p 00000000 00:00 0 
7fc8e535f000-7fc8e545f000 rw-p 00000000 00:00 0 
7fc8e545f000-7fc8e5460000 ---p 00000000 00:00 0 
7fc8e5460000-7fc8e5560000 rw-p 00000000 00:00 0 
7fc8e5560000-7fc8e5561000 ---p 00000000 00:00 0 
7fc8e5561000-7fc8e5661000 rw-p 00000000 00:00 0 
7fc8e5661000-7fc8e5662000 ---p 00000000 00:00 0 
7fc8e5662000-7fc8e5808000 rw-p 00000000 00:00 0 
7fc8e5808000-7fc8e61bc000 ---p 00000000 00:00 0 
7fc8e61bc000-7fc8e6262000 rw-p 00000000 00:00 0 
7fc8e6262000-7fc8e6c16000 ---p 00000000 00:00 0 
7fc8e6c16000-7fc8e6c69000 rw-p 00000000 00:00 0 
7fc8e6c69000-7fc8e7143000 ---p 00000000 00:00 0 
7fc8e7143000-7fc8e718f000 rw-p 00000000 00:00 0 
7fc8e718f000-7fc8e7545000 ---p 00000000 00:00 0 
7fc8e7545000-7fc8e7548000 r--p 00000000 fd:03 6330247                    /usr/lib/jvm/java-1.8.0-openjdk-1.8.0.222.b10-0.fc29.x86_64/jre/lib/amd64/libzip.so
7fc8e7548000-7fc8e754d000 r-xp 00003000 fd:03 6330247                    /usr/lib/jvm/java-1.8.0-openjdk-1.8.0.222.b10-0.fc29.x86_64/jre/lib/amd64/libzip.so
7fc8e754d000-7fc8e754f000 r--p 00008000 fd:03 6330247                    /usr/lib/jvm/java-1.8.0-openjdk-1.8.0.222.b10-0.fc29.x86_64/jre/lib/amd64/libzip.so
7fc8e754f000-7fc8e7550000 r--p 00009000 fd:03 6330247                    /usr/lib/jvm/java-1.8.0-openjdk-1.8.0.222.b10-0.fc29.x86_64/jre/lib/amd64/libzip.so
7fc8e7550000-7fc8e7551000 rw-p 00000000 00:00 0 
7fc8e7551000-7fc8e7559000 rw-s 00000000 00:2c 7911366                    /tmp/hsperfdata_ppatiern/24038
7fc8e7559000-7fc8e7566000 r--p 00000000 fd:03 6330229                    /usr/lib/jvm/java-1.8.0-openjdk-1.8.0.222.b10-0.fc29.x86_64/jre/lib/amd64/libjava.so
7fc8e7566000-7fc8e757f000 r-xp 0000d000 fd:03 6330229                    /usr/lib/jvm/java-1.8.0-openjdk-1.8.0.222.b10-0.fc29.x86_64/jre/lib/amd64/libjava.so
7fc8e757f000-7fc8e7586000 r--p 00026000 fd:03 6330229                    /usr/lib/jvm/java-1.8.0-openjdk-1.8.0.222.b10-0.fc29.x86_64/jre/lib/amd64/libjava.so
7fc8e7586000-7fc8e7587000 r--p 0002c000 fd:03 6330229                    /usr/lib/jvm/java-1.8.0-openjdk-1.8.0.222.b10-0.fc29.x86_64/jre/lib/amd64/libjava.so
7fc8e7587000-7fc8e7588000 rw-p 0002d000 fd:03 6330229                    /usr/lib/jvm/java-1.8.0-openjdk-1.8.0.222.b10-0.fc29.x86_64/jre/lib/amd64/libjava.so
7fc8e7588000-7fc8e7589000 rw-p 00000000 00:00 0 
7fc8e7589000-7fc8e758b000 r--p 00000000 fd:03 5397788                    /usr/lib64/librt-2.28.so
7fc8e758b000-7fc8e758f000 r-xp 00002000 fd:03 5397788                    /usr/lib64/librt-2.28.so
7fc8e758f000-7fc8e7591000 r--p 00006000 fd:03 5397788                    /usr/lib64/librt-2.28.so
7fc8e7591000-7fc8e7592000 r--p 00007000 fd:03 5397788                    /usr/lib64/librt-2.28.so
7fc8e7592000-7fc8e7593000 rw-p 00008000 fd:03 5397788                    /usr/lib64/librt-2.28.so
7fc8e7593000-7fc8e7594000 ---p 00000000 00:00 0 
7fc8e7594000-7fc8e7597000 ---p 00000000 00:00 0 
7fc8e7597000-7fc8e7694000 rw-p 00000000 00:00 0 
7fc8e7694000-7fc8e7697000 r--p 00000000 fd:03 5384611                    /usr/lib64/libgcc_s-8-20190223.so.1
7fc8e7697000-7fc8e76a9000 r-xp 00003000 fd:03 5384611                    /usr/lib64/libgcc_s-8-20190223.so.1
7fc8e76a9000-7fc8e76ac000 r--p 00015000 fd:03 5384611                    /usr/lib64/libgcc_s-8-20190223.so.1
7fc8e76ac000-7fc8e76ad000 ---p 00018000 fd:03 5384611                    /usr/lib64/libgcc_s-8-20190223.so.1
7fc8e76ad000-7fc8e76ae000 r--p 00018000 fd:03 5384611                    /usr/lib64/libgcc_s-8-20190223.so.1
7fc8e76ae000-7fc8e76af000 rw-p 00019000 fd:03 5384611                    /usr/lib64/libgcc_s-8-20190223.so.1
7fc8e76af000-7fc8e76bc000 r--p 00000000 fd:03 5396230                    /usr/lib64/libm-2.28.so
7fc8e76bc000-7fc8e775c000 r-xp 0000d000 fd:03 5396230                    /usr/lib64/libm-2.28.so
7fc8e775c000-7fc8e7831000 r--p 000ad000 fd:03 5396230                    /usr/lib64/libm-2.28.so
7fc8e7831000-7fc8e7832000 r--p 00181000 fd:03 5396230                    /usr/lib64/libm-2.28.so
7fc8e7832000-7fc8e7833000 rw-p 00182000 fd:03 5396230                    /usr/lib64/libm-2.28.so
7fc8e7833000-7fc8e78bd000 r--p 00000000 fd:03 5386134                    /usr/lib64/libstdc++.so.6.0.25
7fc8e78bd000-7fc8e797a000 r-xp 0008a000 fd:03 5386134                    /usr/lib64/libstdc++.so.6.0.25
7fc8e797a000-7fc8e79ba000 r--p 00147000 fd:03 5386134                    /usr/lib64/libstdc++.so.6.0.25
7fc8e79ba000-7fc8e79bb000 ---p 00187000 fd:03 5386134                    /usr/lib64/libstdc++.so.6.0.25
7fc8e79bb000-7fc8e79c5000 r--p 00187000 fd:03 5386134                    /usr/lib64/libstdc++.so.6.0.25
7fc8e79c5000-7fc8e79c7000 rw-p 00191000 fd:03 5386134                    /usr/lib64/libstdc++.so.6.0.25
7fc8e79c7000-7fc8e79cb000 rw-p 00000000 00:00 0 
7fc8e79cb000-7fc8e7bd7000 r--p 00000000 fd:03 6330251                    /usr/lib/jvm/java-1.8.0-openjdk-1.8.0.222.b10-0.fc29.x86_64/jre/lib/amd64/server/libjvm.so
7fc8e7bd7000-7fc8e84dd000 r-xp 0020c000 fd:03 6330251                    /usr/lib/jvm/java-1.8.0-openjdk-1.8.0.222.b10-0.fc29.x86_64/jre/lib/amd64/server/libjvm.so
7fc8e84dd000-7fc8e8693000 r--p 00b12000 fd:03 6330251                    /usr/lib/jvm/java-1.8.0-openjdk-1.8.0.222.b10-0.fc29.x86_64/jre/lib/amd64/server/libjvm.so
7fc8e8693000-7fc8e8731000 r--p 00cc7000 fd:03 6330251                    /usr/lib/jvm/java-1.8.0-openjdk-1.8.0.222.b10-0.fc29.x86_64/jre/lib/amd64/server/libjvm.so
7fc8e8731000-7fc8e875a000 rw-p 00d65000 fd:03 6330251                    /usr/lib/jvm/java-1.8.0-openjdk-1.8.0.222.b10-0.fc29.x86_64/jre/lib/amd64/server/libjvm.so
7fc8e875a000-7fc8e878d000 rw-p 00000000 00:00 0 
7fc8e878d000-7fc8e87af000 r--p 00000000 fd:03 5388199                    /usr/lib64/libc-2.28.so
7fc8e87af000-7fc8e88fc000 r-xp 00022000 fd:03 5388199                    /usr/lib64/libc-2.28.so
7fc8e88fc000-7fc8e8948000 r--p 0016f000 fd:03 5388199                    /usr/lib64/libc-2.28.so
7fc8e8948000-7fc8e8949000 ---p 001bb000 fd:03 5388199                    /usr/lib64/libc-2.28.so
7fc8e8949000-7fc8e894d000 r--p 001bb000 fd:03 5388199                    /usr/lib64/libc-2.28.so
7fc8e894d000-7fc8e894f000 rw-p 001bf000 fd:03 5388199                    /usr/lib64/libc-2.28.so
7fc8e894f000-7fc8e8953000 rw-p 00000000 00:00 0 
7fc8e8953000-7fc8e8954000 r--p 00000000 fd:03 5393927                    /usr/lib64/libdl-2.28.so
7fc8e8954000-7fc8e8956000 r-xp 00001000 fd:03 5393927                    /usr/lib64/libdl-2.28.so
7fc8e8956000-7fc8e8957000 r--p 00003000 fd:03 5393927                    /usr/lib64/libdl-2.28.so
7fc8e8957000-7fc8e8958000 r--p 00003000 fd:03 5393927                    /usr/lib64/libdl-2.28.so
7fc8e8958000-7fc8e8959000 rw-p 00004000 fd:03 5393927                    /usr/lib64/libdl-2.28.so
7fc8e8959000-7fc8e895c000 r--p 00000000 fd:03 6330216                    /usr/lib/jvm/java-1.8.0-openjdk-1.8.0.222.b10-0.fc29.x86_64/jre/lib/amd64/jli/libjli.so
7fc8e895c000-7fc8e8966000 r-xp 00003000 fd:03 6330216                    /usr/lib/jvm/java-1.8.0-openjdk-1.8.0.222.b10-0.fc29.x86_64/jre/lib/amd64/jli/libjli.so
7fc8e8966000-7fc8e8969000 r--p 0000d000 fd:03 6330216                    /usr/lib/jvm/java-1.8.0-openjdk-1.8.0.222.b10-0.fc29.x86_64/jre/lib/amd64/jli/libjli.so
7fc8e8969000-7fc8e896a000 r--p 0000f000 fd:03 6330216                    /usr/lib/jvm/java-1.8.0-openjdk-1.8.0.222.b10-0.fc29.x86_64/jre/lib/amd64/jli/libjli.so
7fc8e896a000-7fc8e896b000 rw-p 00000000 00:00 0 
7fc8e896b000-7fc8e896e000 r--p 00000000 fd:03 5396220                    /usr/lib64/libz.so.1.2.11
7fc8e896e000-7fc8e897c000 r-xp 00003000 fd:03 5396220                    /usr/lib64/libz.so.1.2.11
7fc8e897c000-7fc8e8983000 r--p 00011000 fd:03 5396220                    /usr/lib64/libz.so.1.2.11
7fc8e8983000-7fc8e8984000 r--p 00017000 fd:03 5396220                    /usr/lib64/libz.so.1.2.11
7fc8e8984000-7fc8e8985000 rw-p 00000000 00:00 0 
7fc8e8985000-7fc8e898b000 r--p 00000000 fd:03 5397703                    /usr/lib64/libpthread-2.28.so
7fc8e898b000-7fc8e899b000 r-xp 00006000 fd:03 5397703                    /usr/lib64/libpthread-2.28.so
7fc8e899b000-7fc8e89a1000 r--p 00016000 fd:03 5397703                    /usr/lib64/libpthread-2.28.so
7fc8e89a1000-7fc8e89a2000 r--p 0001b000 fd:03 5397703                    /usr/lib64/libpthread-2.28.so
7fc8e89a2000-7fc8e89a3000 rw-p 0001c000 fd:03 5397703                    /usr/lib64/libpthread-2.28.so
7fc8e89a3000-7fc8e89a9000 rw-p 00000000 00:00 0 
7fc8e89a9000-7fc8e89ac000 r--p 00000000 fd:03 5397540                    /usr/lib64/libnss_files-2.28.so
7fc8e89ac000-7fc8e89b3000 r-xp 00003000 fd:03 5397540                    /usr/lib64/libnss_files-2.28.so
7fc8e89b3000-7fc8e89b5000 r--p 0000a000 fd:03 5397540                    /usr/lib64/libnss_files-2.28.so
7fc8e89b5000-7fc8e89b6000 ---p 0000c000 fd:03 5397540                    /usr/lib64/libnss_files-2.28.so
7fc8e89b6000-7fc8e89b7000 r--p 0000c000 fd:03 5397540                    /usr/lib64/libnss_files-2.28.so
7fc8e89b7000-7fc8e89b8000 rw-p 0000d000 fd:03 5397540                    /usr/lib64/libnss_files-2.28.so
7fc8e89b8000-7fc8e89bf000 rw-p 00000000 00:00 0 
7fc8e89bf000-7fc8e89c4000 r--p 00000000 fd:03 6330246                    /usr/lib/jvm/java-1.8.0-openjdk-1.8.0.222.b10-0.fc29.x86_64/jre/lib/amd64/libverify.so
7fc8e89c4000-7fc8e89cc000 r-xp 00005000 fd:03 6330246                    /usr/lib/jvm/java-1.8.0-openjdk-1.8.0.222.b10-0.fc29.x86_64/jre/lib/amd64/libverify.so
7fc8e89cc000-7fc8e89ce000 r--p 0000d000 fd:03 6330246                    /usr/lib/jvm/java-1.8.0-openjdk-1.8.0.222.b10-0.fc29.x86_64/jre/lib/amd64/libverify.so
7fc8e89ce000-7fc8e89d0000 r--p 0000e000 fd:03 6330246                    /usr/lib/jvm/java-1.8.0-openjdk-1.8.0.222.b10-0.fc29.x86_64/jre/lib/amd64/libverify.so
7fc8e89d0000-7fc8e89d1000 rw-p 00000000 00:00 0 
7fc8e89d1000-7fc8e89d2000 r--p 00000000 fd:03 5385484                    /usr/lib64/ld-2.28.so
7fc8e89d2000-7fc8e89f2000 r-xp 00001000 fd:03 5385484                    /usr/lib64/ld-2.28.so
7fc8e89f2000-7fc8e89fa000 r--p 00021000 fd:03 5385484                    /usr/lib64/ld-2.28.so
7fc8e89fa000-7fc8e89fb000 r--p 00000000 00:00 0 
7fc8e89fb000-7fc8e89fc000 r--p 00029000 fd:03 5385484                    /usr/lib64/ld-2.28.so
7fc8e89fc000-7fc8e89fd000 rw-p 0002a000 fd:03 5385484                    /usr/lib64/ld-2.28.so
7fc8e89fd000-7fc8e89fe000 rw-p 00000000 00:00 0 
7ffd9e043000-7ffd9e065000 rw-p 00000000 00:00 0                          [stack]
7ffd9e118000-7ffd9e11b000 r--p 00000000 00:00 0                          [vvar]
7ffd9e11b000-7ffd9e11c000 r-xp 00000000 00:00 0                          [vdso]
ffffffffff600000-ffffffffff601000 r-xp 00000000 00:00 0                  [vsyscall]

VM Arguments:
java_command: io.strimzi.crdgenerator.DocGenerator --linker io.strimzi.crdgenerator.KubeLinker https://kubernetes.io/docs/reference/generated/kubernetes-api/v1.11/ appendix_crds.adoc io.strimzi.api.kafka.model.Kafka io.strimzi.api.kafka.model.KafkaConnect io.strimzi.api.kafka.model.KafkaConnectS2I io.strimzi.api.kafka.model.KafkaTopic io.strimzi.api.kafka.model.KafkaUser io.strimzi.api.kafka.model.KafkaMirrorMaker io.strimzi.api.kafka.model.KafkaBridge
java_class_path (initial): /home/ppatiern/github/strimzi-kafka-operator/api/target/classes:/home/ppatiern/github/strimzi-kafka-operator/api/../crd-generator/target/crd-generator-0.14.0-SNAPSHOT.jar
Launcher Type: SUN_STANDARD

Environment Variables:
PATH=/usr/lib64/qt-3.3/bin:/usr/share/Modules/bin:/usr/local/bin:/usr/local/sbin:/usr/bin:/usr/sbin:/home/ppatiern/.dotnet/tools:/home/ppatiern/.local/bin:/home/ppatiern/bin:/usr/share/maven/bin:/usr/share/gradle/bin:/usr/share/graalvm-ce/bin:/home/ppatiern/.dotnet/tools:/home/ppatiern/.local/bin:/home/ppatiern/bin:/usr/share/maven/bin:/usr/share/gradle/bin:/usr/share/graalvm-ce/bin:/home/ppatiern/.dotnet/tools
USERNAME=ppatiern
SHELL=/bin/bash
DISPLAY=:0

Signal Handlers:
SIGSEGV: [libjvm.so+0xaf0b80], sa_mask[0]=11111111011111111101111111111110, sa_flags=SA_RESTART|SA_SIGINFO
SIGBUS: [libjvm.so+0xaf0b80], sa_mask[0]=11111111011111111101111111111110, sa_flags=SA_RESTART|SA_SIGINFO
SIGFPE: [libjvm.so+0x8d6f10], sa_mask[0]=11111111011111111101111111111110, sa_flags=SA_RESTART|SA_SIGINFO
SIGPIPE: [libjvm.so+0x8d6f10], sa_mask[0]=11111111011111111101111111111110, sa_flags=SA_RESTART|SA_SIGINFO
SIGXFSZ: [libjvm.so+0x8d6f10], sa_mask[0]=11111111011111111101111111111110, sa_flags=SA_RESTART|SA_SIGINFO
SIGILL: [libjvm.so+0x8d6f10], sa_mask[0]=11111111011111111101111111111110, sa_flags=SA_RESTART|SA_SIGINFO
SIGUSR1: SIG_DFL, sa_mask[0]=00000000000000000000000000000000, sa_flags=none
SIGUSR2: [libjvm.so+0x8d6da0], sa_mask[0]=00100000000000000000000000000000, sa_flags=SA_RESTART|SA_SIGINFO
SIGHUP: [libjvm.so+0x8d7190], sa_mask[0]=11111111011111111101111111111110, sa_flags=SA_RESTART|SA_SIGINFO
SIGINT: [libjvm.so+0x8d7190], sa_mask[0]=11111111011111111101111111111110, sa_flags=SA_RESTART|SA_SIGINFO
SIGTERM: [libjvm.so+0x8d7190], sa_mask[0]=11111111011111111101111111111110, sa_flags=SA_RESTART|SA_SIGINFO
SIGQUIT: [libjvm.so+0x8d7190], sa_mask[0]=11111111011111111101111111111110, sa_flags=SA_RESTART|SA_SIGINFO


---------------  S Y S T E M  ---------------

OS:Fedora release 29 (Twenty Nine)

uname:Linux 5.2.11-100.fc29.x86_64 #1 SMP Thu Aug 29 12:52:22 UTC 2019 x86_64
libc:glibc 2.28 NPTL 2.28 
rlimit: STACK 8192k, CORE infinity, NPROC 127043, NOFILE 4096, AS infinity
load average:6.09 2.37 2.05

/proc/meminfo:
MemTotal:       32557476 kB
MemFree:          440916 kB
MemAvailable:   13795824 kB
Buffers:          691664 kB
Cached:         14687844 kB
SwapCached:         1332 kB
Active:         19632832 kB
Inactive:       10719204 kB
Active(anon):   14848692 kB
Inactive(anon):  2396332 kB
Active(file):    4784140 kB
Inactive(file):  8322872 kB
Unevictable:      349636 kB
Mlocked:              64 kB
SwapTotal:       8388604 kB
SwapFree:        8377084 kB
Dirty:             22984 kB
Writeback:             0 kB
AnonPages:      15307724 kB
Mapped:          2161656 kB
Shmem:           2537840 kB
KReclaimable:     717136 kB
Slab:             956864 kB
SReclaimable:     717136 kB
SUnreclaim:       239728 kB
KernelStack:       32000 kB
PageTables:       138700 kB
NFS_Unstable:          0 kB
Bounce:                0 kB
WritebackTmp:          0 kB
CommitLimit:    24667340 kB
Committed_AS:   40084292 kB
VmallocTotal:   34359738367 kB
VmallocUsed:           0 kB
VmallocChunk:          0 kB
Percpu:             7488 kB
HardwareCorrupted:     0 kB
AnonHugePages:   4200448 kB
ShmemHugePages:        0 kB
ShmemPmdMapped:        0 kB
CmaTotal:              0 kB
CmaFree:               0 kB
HugePages_Total:       0
HugePages_Free:        0
HugePages_Rsvd:        0
HugePages_Surp:        0
Hugepagesize:       2048 kB
Hugetlb:               0 kB
DirectMap4k:      880232 kB
DirectMap2M:    24950784 kB
DirectMap1G:     7340032 kB

container (cgroup) information:
container_type: cgroupv1
cpu_cpuset_cpus: 0-7
cpu_memory_nodes: 0
active_processor_count: 8
cpu_quota: -1
cpu_period: 100000
cpu_shares: -1
memory_limit_in_bytes: -1
memory_and_swap_limit_in_bytes: -1
memory_soft_limit_in_bytes: -1
memory_usage_in_bytes: 19884154880
memory_max_usage_in_bytes: 20062720000


CPU:total 8 (initial active 8) (4 cores per cpu, 2 threads per core) family 6 model 60 stepping 3, cmov, cx8, fxsr, mmx, sse, sse2, sse3, ssse3, sse4.1, sse4.2, popcnt, avx, avx2, aes, clmul, erms, lzcnt, ht, tsc, tscinvbit, bmi1, bmi2

/proc/cpuinfo:
processor	: 0
vendor_id	: GenuineIntel
cpu family	: 6
model		: 60
model name	: Intel(R) Core(TM) i7-4810MQ CPU @ 2.80GHz
stepping	: 3
microcode	: 0x27
cpu MHz		: 3545.902
cache size	: 6144 KB
physical id	: 0
siblings	: 8
core id		: 0
cpu cores	: 4
apicid		: 0
initial apicid	: 0
fpu		: yes
fpu_exception	: yes
cpuid level	: 13
wp		: yes
flags		: fpu vme de pse tsc msr pae mce cx8 apic sep mtrr pge mca cmov pat pse36 clflush dts acpi mmx fxsr sse sse2 ss ht tm pbe syscall nx pdpe1gb rdtscp lm constant_tsc arch_perfmon pebs bts rep_good nopl xtopology nonstop_tsc cpuid aperfmperf pni pclmulqdq dtes64 monitor ds_cpl vmx smx est tm2 ssse3 sdbg fma cx16 xtpr pdcm pcid sse4_1 sse4_2 x2apic movbe popcnt tsc_deadline_timer aes xsave avx f16c rdrand lahf_lm abm cpuid_fault epb invpcid_single pti ssbd ibrs ibpb stibp tpr_shadow vnmi flexpriority ept vpid ept_ad fsgsbase tsc_adjust bmi1 avx2 smep bmi2 erms invpcid xsaveopt dtherm ida arat pln pts md_clear flush_l1d
bugs		: cpu_meltdown spectre_v1 spectre_v2 spec_store_bypass l1tf mds swapgs
bogomips	: 5586.90
clflush size	: 64
cache_alignment	: 64
address sizes	: 39 bits physical, 48 bits virtual
power management:

processor	: 1
vendor_id	: GenuineIntel
cpu family	: 6
model		: 60
model name	: Intel(R) Core(TM) i7-4810MQ CPU @ 2.80GHz
stepping	: 3
microcode	: 0x27
cpu MHz		: 3546.157
cache size	: 6144 KB
physical id	: 0
siblings	: 8
core id		: 0
cpu cores	: 4
apicid		: 1
initial apicid	: 1
fpu		: yes
fpu_exception	: yes
cpuid level	: 13
wp		: yes
flags		: fpu vme de pse tsc msr pae mce cx8 apic sep mtrr pge mca cmov pat pse36 clflush dts acpi mmx fxsr sse sse2 ss ht tm pbe syscall nx pdpe1gb rdtscp lm constant_tsc arch_perfmon pebs bts rep_good nopl xtopology nonstop_tsc cpuid aperfmperf pni pclmulqdq dtes64 monitor ds_cpl vmx smx est tm2 ssse3 sdbg fma cx16 xtpr pdcm pcid sse4_1 sse4_2 x2apic movbe popcnt tsc_deadline_timer aes xsave avx f16c rdrand lahf_lm abm cpuid_fault epb invpcid_single pti ssbd ibrs ibpb stibp tpr_shadow vnmi flexpriority ept vpid ept_ad fsgsbase tsc_adjust bmi1 avx2 smep bmi2 erms invpcid xsaveopt dtherm ida arat pln pts md_clear flush_l1d
bugs		: cpu_meltdown spectre_v1 spectre_v2 spec_store_bypass l1tf mds swapgs
bogomips	: 5586.90
clflush size	: 64
cache_alignment	: 64
address sizes	: 39 bits physical, 48 bits virtual
power management:

processor	: 2
vendor_id	: GenuineIntel
cpu family	: 6
model		: 60
model name	: Intel(R) Core(TM) i7-4810MQ CPU @ 2.80GHz
stepping	: 3
microcode	: 0x27
cpu MHz		: 3546.758
cache size	: 6144 KB
physical id	: 0
siblings	: 8
core id		: 1
cpu cores	: 4
apicid		: 2
initial apicid	: 2
fpu		: yes
fpu_exception	: yes
cpuid level	: 13
wp		: yes
flags		: fpu vme de pse tsc msr pae mce cx8 apic sep mtrr pge mca cmov pat pse36 clflush dts acpi mmx fxsr sse sse2 ss ht tm pbe syscall nx pdpe1gb rdtscp lm constant_tsc arch_perfmon pebs bts rep_good nopl xtopology nonstop_tsc cpuid aperfmperf pni pclmulqdq dtes64 monitor ds_cpl vmx smx est tm2 ssse3 sdbg fma cx16 xtpr pdcm pcid sse4_1 sse4_2 x2apic movbe popcnt tsc_deadline_timer aes xsave avx f16c rdrand lahf_lm abm cpuid_fault epb invpcid_single pti ssbd ibrs ibpb stibp tpr_shadow vnmi flexpriority ept vpid ept_ad fsgsbase tsc_adjust bmi1 avx2 smep bmi2 erms invpcid xsaveopt dtherm ida arat pln pts md_clear flush_l1d
bugs		: cpu_meltdown spectre_v1 spectre_v2 spec_store_bypass l1tf mds swapgs
bogomips	: 5586.90
clflush size	: 64
cache_alignment	: 64
address sizes	: 39 bits physical, 48 bits virtual
power management:

processor	: 3
vendor_id	: GenuineIntel
cpu family	: 6
model		: 60
model name	: Intel(R) Core(TM) i7-4810MQ CPU @ 2.80GHz
stepping	: 3
microcode	: 0x27
cpu MHz		: 3549.693
cache size	: 6144 KB
physical id	: 0
siblings	: 8
core id		: 1
cpu cores	: 4
apicid		: 3
initial apicid	: 3
fpu		: yes
fpu_exception	: yes
cpuid level	: 13
wp		: yes
flags		: fpu vme de pse tsc msr pae mce cx8 apic sep mtrr pge mca cmov pat pse36 clflush dts acpi mmx fxsr sse sse2 ss ht tm pbe syscall nx pdpe1gb rdtscp lm constant_tsc arch_perfmon pebs bts rep_good nopl xtopology nonstop_tsc cpuid aperfmperf pni pclmulqdq dtes64 monitor ds_cpl vmx smx est tm2 ssse3 sdbg fma cx16 xtpr pdcm pcid sse4_1 sse4_2 x2apic movbe popcnt tsc_deadline_timer aes xsave avx f16c rdrand lahf_lm abm cpuid_fault epb invpcid_single pti ssbd ibrs ibpb stibp tpr_shadow vnmi flexpriority ept vpid ept_ad fsgsbase tsc_adjust bmi1 avx2 smep bmi2 erms invpcid xsaveopt dtherm ida arat pln pts md_clear flush_l1d
bugs		: cpu_meltdown spectre_v1 spectre_v2 spec_store_bypass l1tf mds swapgs
bogomips	: 5586.90
clflush size	: 64
cache_alignment	: 64
address sizes	: 39 bits physical, 48 bits virtual
power management:

processor	: 4
vendor_id	: GenuineIntel
cpu family	: 6
model		: 60
model name	: Intel(R) Core(TM) i7-4810MQ CPU @ 2.80GHz
stepping	: 3
microcode	: 0x27
cpu MHz		: 3553.126
cache size	: 6144 KB
physical id	: 0
siblings	: 8
core id		: 2
cpu cores	: 4
apicid		: 4
initial apicid	: 4
fpu		: yes
fpu_exception	: yes
cpuid level	: 13
wp		: yes
flags		: fpu vme de pse tsc msr pae mce cx8 apic sep mtrr pge mca cmov pat pse36 clflush dts acpi mmx fxsr sse sse2 ss ht tm pbe syscall nx pdpe1gb rdtscp lm constant_tsc arch_perfmon pebs bts rep_good nopl xtopology nonstop_tsc cpuid aperfmperf pni pclmulqdq dtes64 monitor ds_cpl vmx smx est tm2 ssse3 sdbg fma cx16 xtpr pdcm pcid sse4_1 sse4_2 x2apic movbe popcnt tsc_deadline_timer aes xsave avx f16c rdrand lahf_lm abm cpuid_fault epb invpcid_single pti ssbd ibrs ibpb stibp tpr_shadow vnmi flexpriority ept vpid ept_ad fsgsbase tsc_adjust bmi1 avx2 smep bmi2 erms invpcid xsaveopt dtherm ida arat pln pts md_clear flush_l1d
bugs		: cpu_meltdown spectre_v1 spectre_v2 spec_store_bypass l1tf mds swapgs
bogomips	: 5586.90
clflush size	: 64
cache_alignment	: 64
address sizes	: 39 bits physical, 48 bits virtual
power management:

processor	: 5
vendor_id	: GenuineIntel
cpu family	: 6
model		: 60
model name	: Intel(R) Core(TM) i7-4810MQ CPU @ 2.80GHz
stepping	: 3
microcode	: 0x27
cpu MHz		: 3546.774
cache size	: 6144 KB
physical id	: 0
siblings	: 8
core id		: 2
cpu cores	: 4
apicid		: 5
initial apicid	: 5
fpu		: yes
fpu_exception	: yes
cpuid level	: 13
wp		: yes
flags		: fpu vme de pse tsc msr pae mce cx8 apic sep mtrr pge mca cmov pat pse36 clflush dts acpi mmx fxsr sse sse2 ss ht tm pbe syscall nx pdpe1gb rdtscp lm constant_tsc arch_perfmon pebs bts rep_good nopl xtopology nonstop_tsc cpuid aperfmperf pni pclmulqdq dtes64 monitor ds_cpl vmx smx est tm2 ssse3 sdbg fma cx16 xtpr pdcm pcid sse4_1 sse4_2 x2apic movbe popcnt tsc_deadline_timer aes xsave avx f16c rdrand lahf_lm abm cpuid_fault epb invpcid_single pti ssbd ibrs ibpb stibp tpr_shadow vnmi flexpriority ept vpid ept_ad fsgsbase tsc_adjust bmi1 avx2 smep bmi2 erms invpcid xsaveopt dtherm ida arat pln pts md_clear flush_l1d
bugs		: cpu_meltdown spectre_v1 spectre_v2 spec_store_bypass l1tf mds swapgs
bogomips	: 5586.90
clflush size	: 64
cache_alignment	: 64
address sizes	: 39 bits physical, 48 bits virtual
power management:

processor	: 6
vendor_id	: GenuineIntel
cpu family	: 6
model		: 60
model name	: Intel(R) Core(TM) i7-4810MQ CPU @ 2.80GHz
stepping	: 3
microcode	: 0x27
cpu MHz		: 3553.055
cache size	: 6144 KB
physical id	: 0
siblings	: 8
core id		: 3
cpu cores	: 4
apicid		: 6
initial apicid	: 6
fpu		: yes
fpu_exception	: yes
cpuid level	: 13
wp		: yes
flags		: fpu vme de pse tsc msr pae mce cx8 apic sep mtrr pge mca cmov pat pse36 clflush dts acpi mmx fxsr sse sse2 ss ht tm pbe syscall nx pdpe1gb rdtscp lm constant_tsc arch_perfmon pebs bts rep_good nopl xtopology nonstop_tsc cpuid aperfmperf pni pclmulqdq dtes64 monitor ds_cpl vmx smx est tm2 ssse3 sdbg fma cx16 xtpr pdcm pcid sse4_1 sse4_2 x2apic movbe popcnt tsc_deadline_timer aes xsave avx f16c rdrand lahf_lm abm cpuid_fault epb invpcid_single pti ssbd ibrs ibpb stibp tpr_shadow vnmi flexpriority ept vpid ept_ad fsgsbase tsc_adjust bmi1 avx2 smep bmi2 erms invpcid xsaveopt dtherm ida arat pln pts md_clear flush_l1d
bugs		: cpu_meltdown spectre_v1 spectre_v2 spec_store_bypass l1tf mds swapgs
bogomips	: 5586.90
clflush size	: 64
cache_alignment	: 64
address sizes	: 39 bits physical, 48 bits virtual
power management:

processor	: 7
vendor_id	: GenuineIntel
cpu family	: 6
model		: 60
model name	: Intel(R) Core(TM) i7-4810MQ CPU @ 2.80GHz
stepping	: 3
microcode	: 0x27
cpu MHz		: 3549.479
cache size	: 6144 KB
physical id	: 0
siblings	: 8
core id		: 3
cpu cores	: 4
apicid		: 7
initial apicid	: 7
fpu		: yes
fpu_exception	: yes
cpuid level	: 13
wp		: yes
flags		: fpu vme de pse tsc msr pae mce cx8 apic sep mtrr pge mca cmov pat pse36 clflush dts acpi mmx fxsr sse sse2 ss ht tm pbe syscall nx pdpe1gb rdtscp lm constant_tsc arch_perfmon pebs bts rep_good nopl xtopology nonstop_tsc cpuid aperfmperf pni pclmulqdq dtes64 monitor ds_cpl vmx smx est tm2 ssse3 sdbg fma cx16 xtpr pdcm pcid sse4_1 sse4_2 x2apic movbe popcnt tsc_deadline_timer aes xsave avx f16c rdrand lahf_lm abm cpuid_fault epb invpcid_single pti ssbd ibrs ibpb stibp tpr_shadow vnmi flexpriority ept vpid ept_ad fsgsbase tsc_adjust bmi1 avx2 smep bmi2 erms invpcid xsaveopt dtherm ida arat pln pts md_clear flush_l1d
bugs		: cpu_meltdown spectre_v1 spectre_v2 spec_store_bypass l1tf mds swapgs
bogomips	: 5586.90
clflush size	: 64
cache_alignment	: 64
address sizes	: 39 bits physical, 48 bits virtual
power management:



Memory: 4k page, physical 32557476k(438128k free), swap 8388604k(8377084k free)

vm_info: OpenJDK 64-Bit Server VM (25.222-b10) for linux-amd64 JRE (1.8.0_222-b10), built on Jul 31 2019 18:08:33 by "mockbuild" with gcc 8.3.1 20190223 (Red Hat 8.3.1-2)

time: Thu Sep 12 21:14:14 2019
timezone: CEST
elapsed time: 0 seconds (0d 0h 0m 0s)

